2.300045 107
0.000147 118
0.043553 100
0.000129 7
0.000161 8
0.655327 18
0.000672 107
0.000101 98
0.000204 20
0.038335 100
0.000152 15
12.615436 1
0.002225 91
0.162060 8
0.884427 22
0.001116 3
0.001528 1
0.001021 1
0.001034 1
0.000883 1
0.000920 1
0.000921 1
0.000972 2
0.000993 1
0.000922 1
0.000959 2
0.000961 2
0.000920 1
0.001010 1
0.002241 2
0.002043 1
0.000822 1
0.000782 1
0.000523 2
0.000486 1
0.000479 1
0.000479 1
0.000473 1
0.000511 1
0.000506 1
0.000498 1
0.000539 1
0.001479 1
0.000345 178
2.112594 297
0.000400 19
0.000099 20
0.000532 107
0.000058 98
0.000136 20
0.037014 100
0.000155 15
0.512411 18
0.000532 107
0.000152 118
0.038513 100
0.000174 15
17.094268 1
0.007694 52
0.154003 8
0.659125 213
0.001015 3
0.000851 1
0.000840 1
0.000947 2
0.000840 1
0.000936 2
0.000833 1
0.000832 1
0.000840 1
0.000807 1
0.000816 1
0.000881 2
0.000866 2
0.001200 1
0.001077 1
0.000819 1
0.000811 1
0.000810 1
0.000810 1
0.000812 1
0.000807 1
0.000807 1
0.000869 2
0.000811 1
0.000750 1
0.000788 2
0.000750 1
0.000749 1
0.000828 2
0.001232 1
0.001632 1
0.001345 1
0.001006 2
0.000862 1
0.000683 1
0.000547 2
0.000524 1
0.001378 1
0.000427 248
3.024432 358
0.000559 19
0.000132 7
0.000142 13
0.000584 107
0.000270 98
0.000061 20
0.058738 100
0.000156 7
0.000099 8
0.915076 1
0.007604 14
0.073838 8
0.368273 18
0.000663 26
0.001640 39
0.000233 107
0.000230 118
0.039851 100
0.000179 15
1.554299 18
0.000537 107
0.000145 118
0.040196 100
0.000165 15
0.864032 1
0.002454 31
0.169182 91
0.009985 27
0.190254 6
0.192640 6
0.772412 60
0.487014 18
0.001396 27
0.001626 151
0.000314 107
0.000242 98
0.000109 20
0.038007 100
0.000120 7
0.000149 8
2.450100 15
0.000036 3
0.000498 107
0.000129 118
0.044500 100
0.000182 15
2.304064 1
0.007251 66
0.087243 8
13.131460 297
0.000683 3
0.000598 1
0.000725 1
0.001087 2
0.000694 1
0.000687 2
0.000635 1
0.000641 1
0.000745 1
0.001032 1
0.000860 1
0.000612 2
0.000604 2
0.000572 1
0.000567 1
0.000561 1
0.000555 1
0.000643 2
0.000561 1
0.000626 1
0.000623 2
0.000558 1
0.000550 1
0.000560 1
0.000545 1
0.000596 2
0.000561 1
0.000549 1
0.000561 1
0.000571 2
0.000583 1
0.000618 1
0.000995 2
0.001452 1
0.000788 1
0.000837 2
0.001012 1
0.001083 1
0.001201 1
0.001733 1
0.001459 1
0.000896 1
0.001004 6
0.000729 1
0.002127 3
0.000458 291
2.781573 402
0.000444 293
0.000191 18
0.000480 107
0.000135 118
0.037787 100
0.000177 15
0.886322 18
0.000526 107
0.000058 118
0.035671 100
0.000150 7
0.000145 8
13.276731 1
0.007237 29
0.103885 8
0.154584 6
0.121413 6
0.154057 6
0.079586 6
1.763110 6
0.519796 41
0.004099 44
0.248738 6
0.245170 6
0.223928 6
0.123471 6
0.337479 6
0.364144 6
0.180708 6
0.572092 6
0.143911 6
0.166695 6
0.207582 119
0.630008 3
0.006811 34
0.072482 6
1.118859 6
0.135490 6
0.604512 6
0.145742 95
0.332771 1
0.430280 3
0.184234 3
0.007113 30
0.555149 6
0.122489 6
0.311092 6
0.216168 6
0.203507 6
0.117024 6
0.096136 6
1.312645 55
0.165269 1
4.529352 18
0.000724 47
0.400111 18
0.000046 91
0.136980 561
0.027264 212
0.000031 279
0.000007 186
0.000007 93
0.000027 285
0.029595 107
0.000331 118
0.040248 100
0.000181 15
3.743359 15
0.000037 3
0.000493 107
0.000142 118
0.039343 100
0.000139 7
0.000157 8
1.777560 1
0.002308 90
0.133591 8
30.384903 22
0.001108 3
0.001001 1
0.000918 1
0.000854 2
0.000818 1
0.000917 2
0.000811 1
0.000814 1
0.000840 2
0.000810 1
0.001069 1
0.002253 2
0.000530 1
0.000528 1
0.000553 1
0.000664 1
0.000684 1
0.000564 1
0.000713 1
0.000702 1
0.000552 2
0.000568 1
0.000494 2
0.000590 1
0.000519 1
0.000518 1
0.000547 1
0.000534 2
0.000508 1
0.000505 1
0.000510 2
0.000463 1
0.000465 1
0.000467 1
0.000469 1
0.001350 1
0.000344 233
1.104444 362
0.000433 19
0.000112 20
0.000519 107
0.000043 118
0.040209 100
0.000139 15
2.899748 1
0.003925 47
0.083831 8
0.150815 6
0.140530 6
0.103804 6
0.110482 6
0.471407 6
2.492818 149
0.007730 30
0.095385 95
0.006746 32
0.171889 6
0.421805 6
0.829702 6
0.126811 6
0.323291 6
2.294236 6
0.194421 6
0.286955 6
0.174136 6
0.644085 6
0.140541 6
0.065380 6
3.314735 38
0.002704 22
0.504100 45
0.006501 24
0.019518 48
0.004332 22
0.032862 54
0.007236 23
0.028954 61
0.008440 25
0.023126 67
0.007578 26
0.025190 73
0.006923 27
0.026316 79
0.006787 28
0.018607 85
0.003786 29
0.030469 91
0.004571 30
0.026559 95
0.003744 31
0.187243 103
0.007451 32
0.158697 109
0.006978 30
0.143782 97
0.006626 39
0.564287 149
0.006752 20
0.171601 6
0.118803 6
0.398567 18
0.414795 15
0.000031 3
0.000688 29
0.099307 223
0.000036 24
0.000008 38
0.000006 40
0.000234 216
0.000100 42
0.014590 107
0.000252 118
0.045394 100
0.000180 15
1.116294 7
0.000043 11
0.000499 107
0.000188 98
0.000017 20
0.043993 100
0.000191 15
2.178604 106
0.385545 1
0.007154 29
0.068317 8
0.123095 6
0.158884 6
0.102168 6
0.093337 6
0.279207 6
0.350368 41
0.006936 30
0.174725 95
0.003443 32
0.170864 6
0.532195 6
0.187388 6
0.312546 6
0.212129 6
0.575635 6
0.126885 6
0.257567 6
0.068245 6
0.671075 32
1.594610 35
0.007052 20
1.546700 35
0.000122 18
0.000776 37
0.680134 416
7.134177 2
0.403178 107
0.000235 98
0.000261 20
0.040001 100
0.000123 7
0.000088 8
2.253600 18
0.000556 107
0.000169 118
0.038770 100
0.000143 7
0.000209 8
0.652973 1
0.007530 37
0.134099 8
0.259590 6
0.159227 6
0.212392 6
0.235980 6
0.361003 6
0.297934 89
0.003409 18
0.725318 24
0.390569 18
0.000691 28
0.104812 68
0.000017 58
0.000031 13
0.000008 47
0.000077 53
0.044207 107
0.000480 118
0.063538 100
0.000557 7
0.000250 8
5.953934 18
0.000572 107
0.000135 118
0.038784 100
0.000599 7
0.000115 8
24.170589 18
0.000591 107
0.000058 118
0.041880 100
0.000162 15
1.297158 1
0.007936 18
0.338289 8
0.279491 6
0.165059 6
3.246258 18
0.001170 18
