2.857662 107
0.000131 98
0.000017 20
0.070444 100
0.000190 7
0.000576 8
1.215141 7
0.000050 11
0.000872 107
0.000101 118
0.052196 100
0.000417 7
0.000376 8
0.161297 1
0.012833 63
0.256023 8
1.313540 275
0.004156 48
0.887075 48
1.156216 150
2.692681 3
0.006138 12
0.500796 10
0.007951 14
0.028826 17
0.008865 16
0.029146 24
0.012512 18
0.011738 31
0.010869 20
0.021412 38
0.008372 22
0.025835 45
0.008884 24
0.024101 48
0.009507 22
0.025678 54
0.010682 23
0.016935 61
0.009404 25
0.025752 65
0.008518 26
0.022099 73
0.007524 27
0.026408 79
0.013574 28
0.211479 85
0.004875 29
0.180614 91
0.007582 30
0.164478 95
0.007253 31
0.137643 103
0.007626 32
0.142845 109
0.010576 33
0.770138 115
0.008471 34
0.275310 4
0.299233 1
0.399991 4
0.233224 4
1.409523 124
0.114184 7
0.715993 4
12.351276 26
0.001534 3
0.001543 1
0.001490 1
0.003475 1
0.001645 1
0.005613 1
0.001036 40
0.979625 49
0.000558 18
0.000600 107
0.000166 118
0.043094 100
0.000133 15
1.406441 18
0.000586 107
0.000042 118
0.041515 100
0.000198 7
0.000132 8
12.989368 1
0.005318 40
0.168560 8
1.348538 141
0.001805 3
0.001665 1
0.001805 1
0.001948 2
0.002436 1
0.002116 2
0.002578 1
0.001806 1
0.001858 1
0.001598 1
0.001571 1
0.001651 2
0.001816 1
0.001475 1
0.002212 1
0.002782 1
0.002542 1
0.001774 2
0.001701 1
0.001615 1
0.001573 1
0.001489 1
0.001673 1
0.002420 2
0.004119 1
0.001934 1
0.002305 1
0.002056 1
0.001839 1
0.002002 2
0.002023 1
0.001903 1
0.002411 1
0.003799 1
0.002363 1
0.002000 1
0.002201 2
0.002466 1
0.001914 1
0.001941 1
0.004221 2
0.003634 1
0.003104 1
0.011625 1
0.002283 6
0.002341 1
0.001879 3
0.001368 2
0.001429 1
0.001304 1
0.001513 2
0.001318 1
0.001129 1
0.002271 1
0.002410 1
0.001960 1
0.002148 1
0.001513 1
0.004344 1
0.000764 361
2.803467 460
0.000453 137
0.000136 18
0.000534 107
0.000212 118
0.041460 100
0.000220 15
3.477902 1
0.007551 14
0.090509 8
0.295399 18
0.000774 26
0.002226 46
0.000351 107
0.000259 98
0.000109 20
0.055188 100
0.000239 7
0.000143 8
3.372408 18
0.000532 107
0.000165 118
0.038390 100
0.000110 7
0.000120 8
18.814800 1
0.001789 3
0.001583 1
0.001700 1
0.001920 2
0.002231 1
0.001759 2
0.001560 1
0.001549 1
0.001862 1
0.001669 1
0.001690 2
0.001946 1
0.002517 1
0.002130 2
0.001596 1
0.001680 1
0.001605 1
0.001610 1
0.001682 2
0.001784 1
0.002048 1
0.007030 2
0.003608 1
0.001958 1
0.001463 1
0.001533 2
0.001929 1
0.001441 1
0.001462 1
0.001567 2
0.003099 1
0.001797 1
0.001985 2
0.001715 1
0.002053 1
0.001961 1
0.001920 1
0.003102 1
0.001608 1
0.002375 1
0.002635 1
0.002783 1
0.002697 7
0.002795 1
0.006320 3
0.006355 2
0.002975 1
0.002284 1
0.006556 1
0.004035 318
8.405459 369
0.002144 1
0.232772 3
0.174045 8
0.169693 5
0.173247 4
0.197693 5
0.161521 5
0.376799 1
0.177047 1
0.191075 1
0.180823 1
0.222041 1
0.391368 47
2.170034 4
0.278361 4
0.576157 4
1.946794 4
0.250823 4
0.237638 5
0.165562 4
0.405139 4
1.703722 4
0.499500 1
0.033103 8
0.033174 4
0.033047 5
0.034438 5
0.032725 4
0.032113 7
0.037704 4
0.032297 6
0.031899 3
0.031927 5
0.886076 71
0.383121 73
0.360540 22
0.000598 107
0.000081 118
0.040213 100
0.000168 15
0.595216 18
0.000521 107
0.000148 98
0.000106 20
0.040765 100
0.000107 7
0.000114 8
2.618417 1
0.004654 24
0.077209 8
0.212124 6
0.080945 6
0.187164 6
0.142299 6
0.248752 6
0.723932 13
0.016296 43
1.031654 175
0.007431 14
0.237296 13
0.005208 83
0.132742 6
0.161866 6
0.305033 6
1.034617 6
0.507874 6
0.085626 6
0.495435 6
1.402892 6
0.198670 6
0.227190 6
0.063018 6
0.305253 6
2.550899 235
0.683789 1
0.207022 8
0.181633 4
0.181398 7
0.180981 5
0.198310 3
0.220069 5
0.382943 5
0.802257 4
0.221223 4
0.141332 4
1.096484 62
4.659012 59
0.092150 59
0.936922 62
1.026093 59
0.317951 59
0.484227 1
3.131713 60
0.297276 60
0.167869 60
2.028883 60
2.360062 60
1.443570 60
0.144738 60
0.246825 60
0.755137 28
0.286091 28
0.207935 28
0.614207 28
10.318503 25
0.000731 3
0.000705 1
0.000665 1
0.000739 1
0.000716 1
0.000689 1
0.001414 1
0.001171 1
0.001052 1
0.000983 1
0.001300 1
0.000872 1
0.000917 1
0.001708 1
0.000824 1
0.000801 1
0.001158 1
0.000720 1
0.000741 1
0.002041 1
0.000833 124
0.575291 131
0.001782 1
0.497894 1
0.032890 1
0.034068 1
0.032860 1
0.031900 1
0.034042 1
0.032974 1
0.031528 1
0.042229 1
0.026173 1
0.031286 1
0.034471 1
0.031427 1
0.032678 1
0.180333 1
0.494396 1
0.033365 1
0.034523 1
0.034656 1
0.035022 1
0.031165 1
0.246343 1
2.360205 82
0.173784 82
0.367170 82
0.414874 82
8.492925 25
0.000553 3
0.000483 1
0.000525 1
0.000560 1
0.000538 1
0.000522 1
0.000591 1
0.000674 1
0.000807 1
0.000612 1
0.000475 1
0.000542 1
0.000520 1
0.000543 1
0.000518 1
0.001529 1
0.000419 136
10.675999 107
0.001907 4
0.746554 4
0.498762 5
0.033563 4
0.031698 4
0.034370 5
0.033780 5
0.031872 7
5.270958 27
0.497710 27
0.031813 27
0.037491 27
0.032762 27
0.024707 27
0.034008 27
0.031056 27
0.037730 27
0.031454 27
0.028735 27
0.034464 28
0.034204 27
0.031534 27
0.034167 27
0.038431 27
0.026950 27
0.037755 27
0.029499 27
0.026954 27
0.035821 26
0.034148 26
0.033400 29
0.039537 28
0.032834 27
0.031598 26
0.034263 25
0.033439 24
0.038350 23
0.025226 22
0.032136 26
0.033179 26
0.035539 26
0.031234 26
0.043511 26
0.026899 26
0.045591 26
0.016778 26
0.023313 26
0.034346 27
0.035942 27
0.028954 27
0.034739 27
0.032702 27
0.031794 27
0.036453 27
0.029718 27
0.033276 26
0.031690 27
0.040792 27
0.031233 25
0.037901 24
0.030761 23
0.030477 22
0.035165 21
0.026928 20
0.031841 19
0.035355 21
0.027657 27
0.037415 14
0.034377 14
0.030316 14
0.035147 14
0.032130 14
0.034860 14
0.033732 14
0.035092 15
0.030191 14
0.033205 14
0.035459 14
0.029030 14
0.033616 14
0.038213 14
0.028217 14
0.035670 14
0.031686 14
0.033144 14
0.032907 14
0.036171 14
0.030016 14
0.030443 14
0.029974 14
0.034823 14
0.028501 14
0.033007 14
0.033874 14
0.033257 14
0.033889 14
0.034581 14
0.035337 14
0.030336 14
0.032953 14
0.031385 14
0.034351 14
0.034206 14
0.030421 14
0.032873 14
0.034259 14
0.031832 14
0.033185 14
0.034991 14
0.030326 14
0.034175 13
0.041550 13
0.033953 12
0.033829 14
0.042712 12
0.014618 10
0.033795 8
0.032583 6
0.036188 4
0.006585 29
0.292006 84
0.248871 1
0.868604 1
0.011314 31
0.103402 91
0.010446 26
0.214755 6
0.214825 6
0.994040 58
0.810350 1
0.385327 24
0.498163 7
0.000174 20
0.000763 34
0.001642 107
0.000139 118
0.043713 100
0.000124 7
0.000173 8
1.421074 18
0.000525 107
0.000111 118
0.042457 100
0.000171 15
1.039341 21
0.418798 72
0.441708 48
0.187968 31
0.802851 1
0.000937 3
0.000784 1
0.001035 1
0.002222 1
0.001744 1
0.011381 18
0.000585 1
0.010606 1
0.001096 1
0.000847 1
0.001247 1
0.000982 1
0.000853 1
0.001158 1
0.003562 1
0.002870 1
0.004042 3
0.000703 1
0.000694 1
0.000726 1
0.000649 1
0.005324 5
0.002466 1
0.000850 1
0.002562 1
0.001171 1
0.001233 1
0.001500 1
0.001048 1
0.000919 6
0.000884 1
0.000992 3
0.001297 1
0.000694 1
0.000703 1
0.000918 1
0.000725 1
0.000723 1
0.000751 2
0.000766 1
0.000721 1
0.000654 2
0.000543 1
0.000523 1
0.000535 1
0.000575 2
0.000997 1
0.004177 1
0.001931 1
0.001420 1
0.000787 1
0.000610 1
0.000638 1
0.000591 1
0.000547 1
0.000725 1
0.000765 1
0.000647 1
0.000731 1
0.000669 1
0.000555 1
0.001864 1
0.000125 1
0.000718 1
0.000525 1
0.000882 1
0.002591 1
0.001844 1
0.002235 1
0.000984 1
0.000875 1
0.000814 1
0.000763 1
0.000724 1
0.000800 1
0.000837 1
0.000829 1
0.000739 1
0.000789 1
0.000799 1
0.000817 1
0.000718 1
0.000670 1
0.000833 1
0.002474 1
0.002315 573
13.714400 675
0.000842 7
0.000094 11
0.000860 88
0.001075 55
0.712357 21
0.001745 37
2.003221 37
2.001491 37
2.001448 37
2.000924 37
2.001693 74
2.001126 37
1.999940 37
2.001600 37
2.000388 37
2.001768 74
2.001262 37
1.999700 37
2.002697 37
2.001646 37
2.000500 74
2.002241 37
1.999154 37
1.334950 107
0.000676 118
0.074719 100
0.000212 7
0.000180 8
1.699773 106
0.666901 115
0.412642 41
0.942419 72
0.379971 48
0.221676 120
0.631471 27
0.857181 1
0.009303 144
0.107947 8
0.133402 6
0.127063 6
0.156242 6
0.048071 6
0.198148 6
0.198208 25
0.008948 12
0.118106 6
0.419517 20
0.000729 25
0.113884 65
0.000017 34
0.000008 16
0.000019 99
0.000055 198
0.016164 107
0.000290 118
0.041163 100
0.000191 15
4.299519 1
0.008992 24
0.108516 8
0.131271 6
0.162401 6
0.152977 6
0.087489 6
0.454663 6
4.542801 15
0.007764 16
0.487454 24
0.008167 18
0.027597 31
0.010409 20
0.021726 38
0.007129 22
0.032220 45
0.013255 24
0.017064 50
0.018423 24
0.010745 54
1.145020 106
3.093329 1
0.007890 37
0.168325 8
0.200036 6
0.161944 6
0.710761 102
0.466082 18
0.000663 34
0.001691 107
0.000165 118
0.043547 100
0.000768 15
1.869884 21
0.260140 31
0.312900 110
0.746475 1
0.494977 1
0.035718 1
0.031493 1
0.034807 1
0.032247 1
0.030740 1
0.036503 1
0.028629 1
0.033798 1
0.037250 1
0.039224 1
0.022783 1
0.032709 1
0.034876 1
0.032025 1
0.034138 1
0.027929 1
0.033644 1
0.031939 1
0.032719 1
0.034476 1
0.034267 1
0.030611 1
0.035551 1
0.207464 5
0.208926 3
0.177735 5
0.181126 6
0.157521 8
0.194264 4
0.182228 4
0.197483 4
0.169007 6
0.165660 5
0.190188 4
0.492508 1
0.869479 100
0.738972 4
0.154073 4
0.165304 5
0.205369 4
0.537513 1
0.193279 1
0.559600 27
9.660032 22
0.000804 88
0.817203 58
2.003366 37
2.000352 37
2.002527 37
2.000888 37
2.000964 37
0.001909 37
2.001478 37
2.001243 37
2.001415 37
0.752366 2
0.488815 107
0.000272 98
0.000173 20
0.040747 100
0.000218 7
0.000114 8
1.464482 1
0.007405 144
0.131354 8
0.134105 6
0.158212 6
0.124377 6
0.079285 6
0.183707 6
0.241403 25
0.007524 12
0.127896 6
0.631983 20
0.000690 25
0.105949 198
0.000058 87
0.000049 2
0.000039 58
0.000011 58
0.000006 7
0.000005 8
0.000026 18
0.016920 107
0.000256 98
0.000162 20
0.041122 100
0.000179 15
2.685668 106
1.305536 1
0.009436 37
0.143811 8
0.230137 6
0.607581 108
2.643175 15
0.000026 3
0.000680 34
0.001404 365
0.000341 107
0.000222 98
0.000140 20
0.040046 100
0.000157 7
0.000133 8
19.039266 18
0.000631 107
0.000093 118
0.042995 100
0.000187 15
14.330512 1
0.011469 30
0.399389 8
0.164544 77
0.005543 12
0.216614 6
1.237870 15
0.000044 3
0.000620 18
