3.027628 107
0.000153 83
0.028624 58
0.000938 7
0.000049 8
0.862959 18
0.000645 107
0.000129 63
0.000058 20
0.022901 58
0.000130 7
0.000029 8
1.279482 1
0.003429 37
8.117753 8
0.880959 119
0.260475 1
0.245550 1
0.230643 1
0.525769 1
0.244856 1
0.099934 1
0.127888 1
0.199013 1
0.753485 1
0.289581 1
0.430603 1
0.889484 1
0.404266 1
0.609657 1
0.180459 1
0.279052 1
0.165825 1
0.070262 1
0.169463 1
0.035284 1
0.315472 1
0.148761 1
0.232222 1
0.229945 1
0.324686 1
0.203190 1
0.130300 1
0.153374 1
1.625921 18
0.000679 107
0.000145 83
0.022607 58
0.000169 15
2.939381 15
0.000015 3
0.000570 107
0.000104 83
0.023624 58
0.000143 15
9.101253 1
0.006840 29
0.085042 8
0.769115 6
0.262831 6
0.197868 6
0.161797 6
0.980049 6
0.245037 41
0.006772 56
0.139091 251
0.163428 1
0.577247 3
0.152919 3
0.006856 56
0.518749 251
0.006601 53
0.075277 6
0.170891 6
3.059675 6
0.049752 215
0.007934 98
0.305053 6
9.495880 25
0.007634 18
0.118269 6
0.387727 6
0.211951 6
0.764564 6
3.481346 15
0.000245 5
0.001483 35
0.406089 45
5.023019 36
1.047946 47
0.002191 235
0.005377 36
0.003070 36
1.641936 23
0.000833 76
0.268240 8
0.000021 15
0.000010 33
0.173166 9
0.000020 14
0.000055 33
0.192656 56
0.496265 56
0.062575 56
0.585034 56
0.043549 56
0.100969 56
0.022579 53
0.007103 46
0.314094 56
0.170661 56
0.331370 56
0.191345 52
0.000114 4
0.173799 56
0.275061 56
0.034592 56
0.139147 56
0.265182 23
0.000054 33
0.486675 56
0.028392 56
0.140356 56
0.055288 23
0.000130 30
0.001304 46
0.067282 23
0.000177 33
0.196718 23
0.000101 33
0.328966 4
0.000206 52
0.044309 56
0.277448 56
0.320191 56
0.010187 56
0.304774 9
0.000023 47
0.292743 56
0.021651 23
0.000220 33
0.333061 23
0.000173 33
0.358182 52
0.000201 4
0.007533 149
0.002002 23
0.000212 33
0.059958 56
0.218702 9
0.000028 14
0.000545 33
0.702413 56
0.123047 56
0.193928 56
0.083503 56
0.135422 56
0.541319 23
0.000481 33
0.194285 56
0.325792 8
0.000290 48
0.980640 56
0.423251 52
0.000194 4
0.607196 56
1.545470 56
0.698681 56
0.389013 23
0.001470 33
1.140864 23
0.000193 33
0.329074 56
3.047762 52
0.000037 4
1.038869 56
0.298924 56
1.567662 23
0.000233 33
0.249660 56
0.917257 56
0.959342 56
0.485889 23
0.000261 33
1.062956 56
0.438052 56
0.539391 9
0.000097 14
0.000195 33
0.943345 56
0.528942 23
0.000271 33
0.711076 23
0.000271 33
0.785460 52
0.000221 4
0.614083 56
0.469319 56
1.318523 23
0.000785 33
0.741929 56
0.174601 56
1.365747 52
0.000171 4
0.601843 56
0.160305 56
1.106458 23
0.000323 33
0.444065 56
0.234485 23
0.000180 33
0.597538 23
0.000334 33
0.440737 56
0.115885 56
0.656307 56
0.342510 23
0.000137 33
0.177548 56
0.480579 9
0.000206 14
0.000239 33
0.192404 23
0.000318 33
0.256181 23
0.000373 33
0.673420 56
0.013337 56
0.419464 23
0.000347 33
0.266214 56
0.079502 23
0.000107 33
0.332801 56
0.180305 56
0.368356 56
0.624474 56
0.020190 56
0.314421 56
0.282657 23
0.000151 33
0.114234 23
0.000479 33
0.422241 56
0.065625 56
0.473742 23
0.000170 33
0.219575 23
0.000072 33
0.099573 23
0.000055 29
0.000085 4
0.289021 56
0.443709 56
0.238311 23
0.000171 29
0.000030 4
0.551140 56
0.482345 56
0.017285 56
0.306493 56
0.551061 8
0.000273 48
0.267850 56
0.070104 23
0.000707 33
0.269899 56
0.088800 9
0.000218 47
0.206754 23
0.000129 33
0.679026 56
0.151281 56
0.161469 23
0.000264 33
0.426341 52
0.000156 4
0.968659 4
0.000194 52
0.159866 56
0.040078 56
0.639130 23
0.000542 33
0.938435 23
0.000050 33
0.990493 56
1.593840 8
0.000139 44
0.000307 4
0.229284 56
0.004271 56
1.563742 56
0.256404 56
0.663708 56
0.956015 8
0.000199 48
0.645535 56
0.242136 56
0.883710 56
1.465610 52
0.000357 4
0.259973 23
0.000273 33
0.473215 56
1.021460 56
1.457264 56
0.172409 56
1.139415 56
0.263406 8
0.000162 35
0.000234 50
0.826862 23
0.000127 29
0.000330 4
1.790866 56
1.370642 23
0.000228 33
1.539329 56
1.107822 56
0.810955 52
0.000163 4
0.670302 56
0.693064 56
0.518525 56
0.549650 23
0.006337 33
0.504254 56
0.379671 56
0.396555 56
0.381535 56
0.445355 56
0.504099 56
0.197877 56
0.356049 56
0.848878 56
0.962757 9
0.000337 47
0.262044 9
0.000125 47
0.309956 52
0.000089 4
0.431563 23
0.000337 33
0.324153 56
0.486020 52
0.000056 4
0.619021 56
0.467251 56
0.535654 56
0.736303 8
0.000155 15
0.000039 33
1.048804 52
0.000174 4
0.121868 56
0.358324 23
0.000062 33
0.948509 56
0.816739 9
0.000857 47
0.172428 56
0.255205 23
0.000172 33
0.265874 56
0.430903 56
0.262984 56
0.239361 23
0.000100 33
0.415828 56
0.456957 56
0.306598 46
0.332063 23
0.000116 32
0.137018 55
0.102065 23
0.000069 32
0.106157 23
0.000135 32
0.109563 8
0.000079 47
0.119817 55
0.107409 55
0.102265 55
0.110446 23
0.000126 32
0.166325 55
0.185387 23
0.000027 32
0.162316 51
0.000018 4
0.130807 55
0.078170 9
0.000021 29
0.000071 4
0.109662 55
0.101069 23
0.000130 32
0.103980 55
0.101277 55
0.102348 23
0.000056 28
0.000073 4
0.110352 4
0.000318 51
0.109366 55
0.104766 55
0.102279 55
0.119711 23
0.000090 32
0.110078 23
0.000015 32
0.079092 4
0.000018 5
0.000007 14
0.000006 15
0.000006 4
0.005856 52
0.000477 52
0.080408 42
0.006300 23
0.000093 29
0.000966 23
0.000086 29
0.081560 42
0.011010 52
0.002703 52
0.084451 8
0.000049 15
0.000010 19
0.006021 55
0.000482 55
0.083381 42
0.018883 81
0.007594 49
10.908494 66
2.680396 107
0.001271 83
0.064849 58
0.000238 7
0.000508 8
1.625618 208
0.064925 58
0.000264 7
0.000129 8
1.040337 1
0.014980 35
0.103864 8
0.433251 6
0.124467 6
0.145063 6
0.138123 6
0.234719 6
0.344232 77
0.009607 20
0.187245 6
0.630891 24
0.602114 15
0.000039 3
0.000762 29
0.140522 55
0.000018 79
0.000008 13
0.000018 39
0.016998 107
0.000381 83
0.028775 58
0.000874 7
0.000181 8
1.801289 18
0.000704 107
0.000123 63
0.000135 20
0.068436 58
0.000184 7
0.000060 8
0.910019 1
0.009300 29
0.087624 8
0.222368 6
0.073334 6
0.124855 6
0.084363 6
0.444797 6
2.310614 41
0.008488 18
0.032090 6
1.661975 21
0.000139 18
0.000733 25
0.126315 125
0.000020 90
0.013108 107
0.000289 63
0.000112 20
0.026695 58
0.000309 7
0.000134 8
5.108964 18
0.000530 107
0.000118 83
0.022415 58
0.000173 15
0.866263 9
0.663556 8
0.221306 18
3.239875 18
0.000734 35
11.462368 66
1.619265 107
0.000532 83
0.026933 58
0.000173 7
0.000178 8
1.570023 19
1.655693 15
0.000012 3
0.000789 35
0.835143 66
0.947517 107
0.000306 63
0.000105 20
0.033966 58
0.000332 15
0.837856 18
0.000574 107
0.000118 83
0.022596 58
0.000177 15
13.179619 1
0.008572 35
0.100174 8
0.130681 6
0.136226 6
0.142047 6
0.442338 6
0.193781 6
0.357352 77
0.007011 12
0.088971 6
0.541748 1
0.004046 14
1.110425 15
0.257954 15
0.000032 3
0.000764 25
0.111722 297
0.000052 158
0.015377 107
0.000168 83
0.027475 58
0.001244 7
0.000136 8
6.317392 18
0.000563 107
0.000156 83
0.022226 58
0.000166 15
0.760726 1
0.007488 24
0.204664 57
0.157661 1
0.195666 1
0.128238 1
0.117613 1
0.342692 3
0.181286 3
0.151741 3
0.133355 3
0.324320 5
0.006688 24
0.388203 8
0.243518 6
0.112722 6
0.233413 6
0.119236 6
0.245366 6
0.060175 13
0.003098 35
0.853794 125
0.007758 32
4.011817 6
0.086780 6
0.079582 6
15.619754 106
0.002150 3
0.001574 1
0.001553 1
0.001863 1
0.001452 1
0.001517 1
0.001773 1
0.001361 1
0.001878 1
0.002187 1
0.005806 1
0.001668 38
0.726838 106
0.004830 89
4.307517 34
0.001632 3
0.001656 1
0.001392 1
0.001383 1
0.001742 1
0.001486 1
0.001379 1
0.001388 1
0.001387 1
0.001350 1
0.006664 1
0.001567 51
5.625980 77
0.000722 15
0.000035 3
0.000997 53
0.858554 14
0.230649 14
0.042313 107
0.000257 83
0.023963 58
0.000215 15
2.783051 1
0.007486 53
0.103677 8
0.188377 6
0.023733 6
0.306338 6
0.198347 6
0.236536 6
0.227092 185
0.008546 12
0.116542 6
0.481489 18
0.000728 25
0.155443 91
0.000926 141
0.021020 107
0.000272 83
0.043247 58
0.000179 7
0.000190 8
1.419249 1
0.008794 24
0.095564 8
0.140722 6
0.128259 6
0.201893 6
0.118449 6
0.558910 6
1.226094 6
0.048939 6
0.391205 1
0.006790 14
0.163620 6
0.233123 6
0.465647 15
0.000102 3
0.113818 28
0.291407 318
0.000017 54
0.000014 52
0.000907 79
0.016213 107
0.000244 63
0.000135 20
0.031770 58
0.000415 7
0.000261 8
31.829784 1
0.002622 18
0.255506 8
0.153851 6
0.452472 6
2.550287 3
0.007304 12
0.195395 10
0.007983 14
0.115266 19
0.004482 18
0.166892 24
9.309761 1
0.002760 18
0.235282 8
0.151859 6
0.204444 6
1.566097 15
0.000037 3
0.000845 18
