2.239763 107
0.000138 118
0.039886 100
0.000198 15
0.601034 18
0.000595 107
0.000126 118
0.037301 100
0.000185 15
0.355688 40
0.317358 50
0.509065 25
0.028132 30
0.036463 19
0.032558 26
0.024255 5
0.034833 32
0.030207 43
0.032298 20
0.032527 56
0.033406 29
0.035503 37
0.033617 6
0.033465 47
0.033936 49
0.030982 51
0.035195 45
0.548953 50
0.693881 23
0.276373 15
0.229653 13
0.214793 16
0.227946 20
0.202731 17
0.221166 22
0.235341 138
0.221415 42
0.388719 3
0.229312 26
0.493364 31
0.033696 15
0.034027 17
0.031139 24
0.032685 24
0.381803 29
0.440182 25
0.641776 33
0.499174 21
0.029694 31
0.034256 17
0.031915 16
0.032023 23
0.033337 23
0.033357 31
0.032368 7
0.032573 138
0.035236 42
0.030820 14
0.033242 24
0.033941 16
0.033294 20
0.031276 11
0.033518 23
0.385666 15
0.223268 45
0.184885 49
0.257666 47
0.418305 51
1.205832 20
0.000497 107
0.000106 118
0.039114 100
0.000167 15
0.605812 18
0.000514 107
0.000110 118
0.038657 100
0.000164 15
0.324242 36
0.200281 45
0.379648 50
0.221797 25
0.229073 30
0.197678 19
0.198176 26
0.181897 5
0.184030 32
0.166173 43
0.218036 20
0.240281 56
0.221397 29
0.537524 37
0.276654 6
0.267751 47
0.321769 49
1.870746 18
0.000605 107
0.000011 98
0.000046 20
0.036388 100
0.000182 15
1.093382 1
0.005918 28
0.103440 8
0.206218 6
0.122103 6
0.216563 6
0.113503 6
0.222461 6
2.155725 34
0.004092 34
0.060118 119
0.003980 54
0.155892 6
0.292243 6
0.726557 222
10.187171 18
0.000678 64
0.164121 66
0.464257 107
0.000121 118
0.041874 100
0.000146 15
0.861020 15
0.000036 3
0.000519 107
0.000122 98
0.000126 20
0.034436 100
0.000226 15
2.344610 48
0.637424 57
0.588625 1
0.603982 4
0.488287 3
0.007152 12
0.487021 10
0.004568 14
0.029087 17
0.004323 16
0.033698 24
0.005007 18
0.018518 31
0.002522 20
0.029204 38
0.004104 22
0.031600 45
0.002262 24
0.029212 48
0.002526 22
0.029272 54
0.002365 23
0.033210 59
0.002267 25
0.029225 67
0.002904 26
0.028905 73
0.002774 27
0.031670 79
0.003833 28
0.029510 85
0.003563 29
0.029891 91
0.004900 30
0.027709 97
0.003127 31
0.029864 101
0.003087 32
0.027752 109
0.002295 33
0.032923 115
0.002529 34
0.029791 121
0.002186 35
0.029870 127
0.002297 36
0.030102 133
0.002514 37
0.030518 139
0.003609 38
0.031288 145
0.002269 39
0.030014 151
0.002453 40
0.028611 157
0.002945 41
0.207909 163
0.002407 42
0.164479 169
0.002663 43
0.180009 173
0.004213 44
0.154714 181
0.003928 45
0.145421 187
0.003746 46
0.171216 193
0.004224 47
0.145872 199
0.004713 48
0.192678 205
0.005560 49
0.755145 1
0.207393 1
0.734763 213
0.070601 5
0.528867 4
0.314338 6
24.870779 18
0.000426 3
0.000461 1
0.000515 1
0.000466 2
0.000438 1
0.000442 1
0.000437 1
0.000437 1
0.000601 1
0.000768 2
0.000501 1
0.000519 1
0.000562 1
0.001022 2
0.000684 1
0.000611 1
0.000538 2
0.000637 1
0.000496 1
0.000573 1
0.000453 1
0.000487 1
0.000493 2
0.000618 1
0.000504 1
0.000527 1
0.000441 1
0.000629 1
0.000613 1
0.000608 1
0.002143 1
0.000517 171
1.286406 227
0.000499 15
0.000033 3
0.000590 107
0.000107 118
0.038423 100
0.000143 7
0.000036 8
0.804748 18
0.000449 107
0.000154 118
0.037748 100
0.000166 7
0.000186 8
1.418924 1
0.005882 64
0.107288 8
0.426196 6
0.146628 6
0.241059 6
0.110538 6
0.239885 6
0.156700 251
0.010418 53
0.177087 6
2.373743 222
0.304012 1
0.498887 1
0.034870 1
0.032206 1
0.033277 1
0.033020 1
0.032553 1
0.033234 1
0.032609 1
0.029568 1
0.032605 1
0.506957 17
0.114130 17
16.186705 18
0.000712 64
0.230095 107
0.000340 98
0.000103 20
0.044416 100
0.000190 7
0.000118 8
1.647160 18
0.000485 107
0.000116 118
0.038193 100
0.000165 7
0.000144 8
2.029800 48
0.207016 53
0.180166 53
0.405440 53
0.856689 1
0.006839 12
0.490836 10
0.006706 14
0.026374 17
0.007528 16
0.025648 24
0.004200 18
0.022156 31
0.003909 20
0.028943 38
0.005787 22
0.026172 45
0.003486 24
0.040426 48
0.008091 22
0.022106 54
0.006965 23
0.029876 61
0.007780 25
0.015459 65
0.003899 26
0.028594 73
0.005125 27
0.027292 79
0.003999 28
0.031189 85
0.003766 29
0.023425 91
0.002306 30
0.031411 97
0.002276 31
0.032154 103
0.003404 32
0.026909 107
0.002337 33
0.034321 115
0.002173 34
0.028428 121
0.002894 35
0.029279 127
0.002402 36
0.033051 131
0.002204 37
0.029615 139
0.003523 38
0.028295 145
0.002303 39
0.032701 151
0.002320 40
0.029212 157
0.004718 41
0.027354 161
0.002161 42
0.033290 169
0.003097 43
0.027640 175
0.004153 44
0.028702 181
0.002202 45
0.031075 187
0.004271 46
0.028453 193
0.002425 47
0.031969 199
0.002177 48
0.029947 203
0.004714 49
0.280099 211
0.007622 50
0.157925 217
0.007831 51
0.145030 223
0.004474 52
0.155063 229
0.002416 53
0.331765 233
0.005769 54
0.496255 1
0.637605 242
0.092933 3
7.746102 4
0.242296 1
0.595212 18
0.000851 3
0.000817 1
0.000819 2
0.000968 1
0.000841 1
0.000834 1
0.000828 1
0.000853 1
0.000827 1
0.002298 1
0.001393 1
0.000839 1
0.001360 1
0.000698 2
0.000626 1
0.000508 2
0.000437 1
0.000437 1
0.000462 1
0.000462 1
0.000465 1
0.000506 2
0.000452 1
0.000411 1
0.000419 1
0.000582 1
0.000626 1
0.001468 2
0.000674 1
0.000968 2
0.001061 1
0.000678 1
0.001202 1
0.000404 184
2.220445 245
0.000491 18
0.000560 107
0.000137 118
0.037759 100
0.000208 15
3.235945 1
0.006784 64
0.094189 8
0.194878 6
0.084855 6
0.246908 6
0.080358 6
0.317684 6
1.547905 251
0.008364 35
5.309574 6
0.337833 6
0.301594 6
0.541139 6
1.144672 6
0.586300 6
0.083442 6
0.320401 6
14.988893 6
1.596656 66
0.786946 3
0.004253 12
0.201876 10
0.004766 14
0.213379 13
0.089960 1
0.817025 1
3.472962 1
0.302905 1
0.205165 1
0.871703 1
7.012629 3
0.191519 3
0.159306 3
0.142598 3
8.860567 38
0.001422 3
0.001361 1
0.001332 1
0.001897 1
0.001186 1
0.000823 1
0.000816 1
0.000806 1
0.002160 1
0.000662 53
0.431758 65
0.001716 1
1.107852 1
0.136597 1
0.350242 1
2.726542 1
0.127349 1
0.275279 1
0.287542 1
0.100749 1
0.496167 1
0.872903 1
1.305001 1
1.062237 3
0.168726 3
0.090451 1
0.390232 1
0.718734 3
0.164820 3
0.951588 1
0.374935 1
45.594861 1
5.810426 1
0.195019 6
0.000454 3
0.125931 1
0.701082 3
0.212293 1
0.194734 1
0.144489 1
1.135112 1
1.024614 3
0.682698 1
0.266343 1
0.246735 1
0.144493 1
0.159525 1
2.607731 1
0.618805 1
0.074288 1
11.799868 18
0.000789 83
0.246543 130
0.051491 225
0.072853 100
0.000312 7
0.000141 8
8.680901 15
0.000216 3
0.000319 107
0.000171 118
0.039257 100
0.000230 7
0.000106 8
12.282362 1
0.007065 99
0.078378 8
0.155795 6
0.104063 6
0.201411 6
0.060491 6
0.160541 6
5.477259 355
0.628679 1
0.499740 1
0.032322 1
0.033259 1
0.034304 1
0.025356 1
0.034070 1
0.033412 1
0.033125 1
0.032583 1
0.033801 1
0.033177 1
0.032165 1
0.038636 8
0.027353 1
0.032958 1
0.033943 1
0.031486 1
0.033447 1
0.033807 1
0.030719 1
0.032975 1
0.034851 1
0.031179 1
0.033467 1
0.035418 1
0.032533 1
0.033139 1
0.032166 1
0.032233 1
0.033962 1
0.031446 1
0.035137 1
0.031911 1
0.031366 1
0.035003 1
0.033135 1
0.214113 1
0.336527 4
0.609134 28
30.692940 4
0.498473 4
0.028732 4
0.033156 4
0.032436 4
0.034091 4
0.031865 4
0.032604 4
5.782233 4
0.500382 4
0.032669 4
0.032172 4
0.034038 4
0.035464 4
0.518401 1
0.955373 28
0.505910 27
0.034693 28
0.033551 27
0.028320 26
0.040199 24
0.022791 24
0.032074 23
0.037407 22
0.334805 21
0.278204 20
0.248457 22
0.202658 28
0.184925 15
0.165601 15
0.302304 14
0.504440 4
0.502452 4
0.031565 4
0.032232 4
0.033123 4
0.031119 4
0.037000 4
0.029928 4
0.028515 4
0.035243 4
0.389527 1
0.585586 60
0.000563 3
0.000500 1
0.000484 1
0.000479 1
0.000475 1
0.000474 1
0.000475 1
0.001167 1
0.000363 83
4.493850 58
0.000488 15
0.000026 7
0.000731 75
0.255911 107
0.000198 98
0.000182 20
0.035577 100
0.000255 7
0.000124 8
2.381704 18
0.000531 107
0.000055 118
0.039005 100
0.000251 7
0.000139 8
12.391554 62
0.165993 47
0.332183 77
1.958582 3
0.008077 12
0.491298 10
0.007316 14
0.031768 17
0.004201 16
0.016831 24
0.002379 18
0.026371 29
0.002906 20
0.029971 38
0.002207 22
0.033209 45
0.002254 24
0.028798 46
0.003146 22
0.048570 54
0.003980 23
0.011128 61
0.002588 25
0.029296 67
0.002590 26
0.030538 73
0.002160 27
0.031383 79
0.003286 28
0.028689 85
0.002172 29
0.031844 89
0.002179 30
0.030287 97
0.004849 31
0.028139 103
0.002265 32
0.032956 109
0.002121 33
0.029065 115
0.003078 34
0.028938 121
0.002328 35
0.033998 127
0.002060 36
0.029389 131
0.003085 37
0.028402 139
0.002191 38
0.031369 145
0.002476 39
0.028897 149
0.003482 40
0.029866 157
0.002117 41
0.031906 163
0.006327 42
0.032357 169
0.006875 43
0.030155 175
0.006556 44
0.017879 181
0.002536 45
0.028446 187
0.002266 46
0.031189 193
0.002149 47
0.031289 199
0.003397 48
0.028487 205
0.002250 49
0.033714 211
0.002659 50
0.028448 217
0.002998 51
0.029176 221
0.002260 52
0.196657 229
0.002203 53
0.157669 235
0.006841 54
0.159734 241
0.007035 55
0.404752 1
0.230976 1
0.677868 249
0.041050 5
0.511375 4
0.248790 6
0.545572 18
0.001472 3
0.001524 1
0.001371 1
0.001409 2
0.001360 1
0.001850 1
0.001625 1
0.002754 1
0.001402 1
0.001558 2
0.001524 1
0.001377 2
0.001337 1
0.001206 1
0.001007 1
0.001208 1
0.001161 1
0.000956 1
0.001404 2
0.001339 1
0.001160 1
0.000798 1
0.000779 1
0.000747 1
0.000752 1
0.000742 2
0.000703 1
0.000703 1
0.000679 1
0.000981 1
0.001236 1
0.001214 1
0.001325 1
0.001713 1
0.000848 1
0.000587 1
0.001271 1
0.000463 213
0.000342 16
2.940262 263
0.000359 15
0.000037 7
0.000536 107
0.000052 118
0.037860 100
0.000221 7
0.000139 8
4.881809 59
0.000534 3
0.693185 27
2.611541 1
0.006675 91
0.159334 8
0.180710 6
0.159573 6
0.158074 6
0.124093 6
0.264007 6
0.672070 6
0.320094 6
0.186763 6
0.222188 6
0.545005 6
0.373100 6
0.379412 6
0.080424 6
0.301841 6
1.825666 6
0.247572 6
0.780555 6
0.329065 6
0.199193 6
0.133312 6
0.151383 6
0.550966 6
0.131856 6
0.238347 6
1.534267 25
0.092127 1
9.034622 3
0.211448 3
0.010169 64
7.920813 25
0.002607 3
0.002328 1
0.001672 1
0.000905 1
0.000843 1
0.001062 1
0.000887 1
0.000889 1
0.001149 1
0.000868 1
0.000895 1
0.000878 1
0.000791 1
0.000791 1
0.000789 1
0.000788 1
0.000822 1
0.000780 1
0.001278 1
0.000814 1
0.000788 1
0.000779 1
0.002496 1
0.000675 64
0.534723 213
0.001654 1
0.498541 1
0.033943 1
0.031166 1
0.033908 1
0.035436 1
0.030604 1
0.032606 1
0.035472 1
0.030108 1
0.034305 1
0.026667 1
0.032461 1
0.038297 1
0.027690 1
0.032774 1
0.034706 1
0.032916 1
0.031542 1
0.033818 1
0.035466 1
0.200618 1
0.169605 1
0.294415 1
0.626454 49
2.761640 15
0.000027 5
0.001248 67
0.305125 13
0.501275 83
0.341659 298
0.195958 122
0.001412 67
0.500457 69
0.379787 105
0.108810 36
0.501236 58
0.133668 150
0.000233 65
0.500921 66
0.500772 66
0.230369 100
0.126115 83
0.310222 305
0.500983 67
0.172865 102
0.001747 80
0.020089 150
0.065828 117
0.038740 47
0.066080 188
0.036710 196
0.503296 66
0.435344 339
0.008741 83
0.069693 149
0.462586 409
0.000540 83
0.013507 83
0.052903 83
0.010128 83
0.000427 83
0.003402 83
0.081728 83
0.207521 165
0.000190 83
0.383597 83
0.006843 83
0.026006 83
0.330600 244
0.500166 83
0.500579 83
0.308788 83
0.000365 83
0.116686 83
0.069205 248
0.500974 83
0.501143 83
0.500703 83
0.500354 83
0.501012 83
0.500507 83
0.500655 83
0.500932 83
0.502005 83
0.499294 83
0.501484 83
0.500256 83
0.500932 83
0.500817 83
0.500547 83
0.501357 83
0.502364 83
0.501089 83
0.498411 83
0.500881 83
0.500927 83
0.500215 83
0.500936 83
0.500987 83
0.500838 83
0.500308 83
0.500740 83
0.501315 83
0.106332 83
0.000679 83
0.476076 249
0.500755 83
0.164379 83
0.244861 83
0.000135 83
0.015143 83
0.186367 258
0.029769 166
0.004417 83
0.191153 252
0.501622 83
0.501280 83
0.501124 83
0.499193 83
0.500672 83
0.502961 83
0.498767 83
0.115885 83
0.005359 83
0.083921 83
0.502073 83
0.036337 257
0.499860 83
0.505055 83
0.500113 83
0.498497 83
0.501045 83
0.132330 83
0.000898 83
0.060336 83
0.200524 256
0.500772 83
0.329084 83
0.000210 83
0.079345 83
0.136762 254
0.031576 166
0.004598 83
0.229647 258
0.003623 166
0.003959 202
0.013288 29
0.067063 29
0.011062 29
0.050847 58
0.038504 58
0.614021 30
0.001522 60
0.014545 60
0.053325 60
0.035311 60
0.053217 60
0.002445 60
0.003201 60
0.004007 60
0.017444 60
0.015262 60
0.022014 60
0.000885 60
0.010439 33
0.108621 29
0.072063 29
0.011050 29
0.052741 58
0.038756 58
0.588469 60
0.015044 60
0.013175 30
0.040188 60
0.036431 60
0.051036 60
0.003696 60
0.002907 60
0.003893 60
0.017696 60
0.015294 60
0.019736 60
0.000858 60
0.007859 33
0.020016 64
0.042150 66
0.176191 140
0.053219 27
0.050675 28
0.057425 31
0.230713 42
0.001298 24
0.010722 163
0.008815 13
0.469531 160
0.499357 39
0.500732 77
0.069124 52
0.334880 155
0.106498 96
0.262040 75
0.073836 23
0.001228 337
0.000476 26
0.000715 26
0.001390 26
0.001200 26
0.000840 26
0.000652 26
0.001059 99
0.000949 69
0.018836 78
0.103907 54
0.053074 23
0.001000 363
0.000917 26
0.001218 26
0.001553 26
0.000694 26
0.000830 26
0.001104 99
0.000880 66
0.017304 75
0.086336 51
0.032252 56
0.052655 32
0.047602 29
0.058887 29
0.011661 29
0.050256 58
0.037455 58
0.619014 30
0.056189 60
0.017890 60
0.053621 60
0.032365 60
0.059187 60
0.002728 60
0.003771 60
0.004600 60
0.016277 60
0.017123 60
0.020007 60
0.000718 60
0.011922 33
0.017840 64
0.041689 66
0.169645 140
0.280213 54
0.001132 82
0.001485 77
0.001317 24
0.002180 153
0.044647 47
0.001035 73
0.000874 82
0.001311 33
0.016085 169
0.010683 13
0.469344 153
0.500745 34
0.499841 34
0.502079 34
0.499484 35
0.501977 35
0.463089 49
0.221622 174
0.109693 212
0.041224 201
0.060905 224
0.085384 200
0.238503 261
0.005008 253
0.047949 252
0.123989 245
0.039435 220
0.126565 49
0.417050 158
0.499616 37
0.501877 73
0.501003 83
0.105759 83
0.212849 271
0.371790 374
0.010017 373
0.096945 201
0.144981 75
0.052802 73
0.001137 363
0.001120 26
0.001061 26
0.001432 26
0.000691 26
0.000260 26
0.001288 99
0.000840 67
0.007261 42
0.092220 58
0.002217 80
0.008282 57
0.129555 62
0.001495 71
0.013655 52
0.071186 56
0.001447 67
0.005726 48
0.052594 55
0.001892 69
0.005197 46
0.043915 59
0.000400 67
0.005249 48
0.043667 68
0.001571 86
0.005233 67
0.037300 59
0.001341 77
0.004930 58
0.049084 62
0.002442 85
0.006075 66
0.051518 57
0.001980 85
0.004922 66
0.043432 57
0.001340 65
0.004470 46
0.047092 57
0.001422 69
0.006755 50
0.041464 47
0.001333 65
0.006012 40
0.036792 57
0.002079 84
0.006575 61
0.045870 65
0.001475 83
0.008803 64
0.060479 49
0.014890 49
0.014206 65
0.024685 53
0.018685 62
0.021930 68
0.018185 67
0.016022 59
0.015186 47
0.017442 43
0.022821 47
0.017743 67
0.015624 58
0.118012 250
0.001991 526
0.447214 44
0.638043 29
0.042320 51
0.017632 41
0.017648 56
0.027399 71
0.010832 44
0.474623 78
0.002231 7
0.032503 19
0.028704 107
0.000259 98
0.000103 20
0.046437 100
0.000143 7
0.000192 8
7.555779 106
1.147123 51
0.399577 67
0.730826 8
1.128501 20
0.499292 3
0.034363 3
0.024994 3
0.036619 3
0.028891 3
0.034261 3
0.035366 3
0.029650 3
0.033210 3
0.035251 3
0.029918 3
0.034450 1
0.004348 40
0.029935 20
0.030329 3
0.035985 3
0.030420 3
0.034795 3
0.031240 3
0.030637 3
0.031795 1
0.002638 48
0.033670 20
0.029376 3
0.033645 3
0.034245 3
0.031305 3
0.034531 3
0.034374 3
0.029064 1
0.002141 56
0.031335 20
0.033504 3
0.032901 1
0.003139 59
0.030370 20
0.031614 3
0.034433 3
0.032926 3
0.031785 3
0.033124 3
0.033836 1
0.002255 66
0.029610 20
0.032853 3
0.227416 3
0.173960 3
0.158812 1
0.006135 71
0.424935 16
0.843423 21
0.140599 5
0.410204 4
0.293746 6
1.538123 18
0.000908 3
0.000698 1
0.000691 1
0.000721 2
0.000682 1
0.000678 1
0.000674 1
0.000805 1
0.000930 1
0.000762 1
0.000792 2
0.000759 1
0.000910 2
0.000813 1
0.001001 1
0.001920 1
0.001749 2
0.001575 1
0.001698 1
0.001332 1
0.002254 1
0.001636 1
0.001237 1
0.001542 2
0.000590 1
0.000489 1
0.000687 1
0.000738 1
0.000687 2
0.000644 1
0.001520 2
0.000698 1
0.000625 1
0.001866 1
0.000559 196
3.173031 257
0.000417 15
0.000033 5
0.000543 107
0.000163 118
0.036885 100
0.000215 7
0.000049 8
0.957646 1
0.007511 67
0.127255 8
0.153965 6
0.112197 6
0.148062 6
0.087802 6
0.168509 6
0.785983 264
0.463762 3
0.002204 12
0.497299 10
0.002719 14
0.032142 17
0.004706 16
0.027960 24
0.005296 18
0.028581 31
0.003446 20
0.029624 38
0.003930 22
0.026819 45
0.003188 24
0.031144 48
0.003923 22
0.028240 54
0.004702 23
0.030471 61
0.003371 25
0.029671 67
0.003891 26
0.025569 73
0.004316 27
0.031003 79
0.003510 28
0.029285 85
0.003252 29
0.027813 91
0.002670 30
0.030301 97
0.002159 31
0.032939 103
0.002564 32
0.034316 109
0.002997 33
0.024351 115
0.003111 34
0.031299 121
0.002656 35
0.029009 127
0.003062 36
0.030248 133
0.003079 37
0.030912 139
0.002980 38
0.208442 145
0.002967 39
0.204742 151
0.007185 40
26.350419 186
0.000734 3
0.000815 2
0.000795 1
0.001974 2
0.001509 1
0.003144 1
0.002149 1
0.001324 1
0.001843 1
0.002959 2
0.000746 1
0.000546 1
0.000594 1
0.000849 1
0.000862 2
0.000707 1
0.000708 2
0.000938 1
0.000853 1
0.000558 1
0.000543 2
0.000517 1
0.000637 1
0.000680 1
0.000487 1
0.000445 1
0.000501 2
0.000470 1
0.000659 1
0.000521 1
0.000559 1
0.000560 1
0.000484 1
0.000483 1
0.000619 1
0.000537 1
0.000672 2
0.000774 1
0.000545 1
0.000468 1
0.000513 2
0.000456 1
0.000622 1
0.000624 6
0.000652 1
0.000402 3
0.000472 1
0.000515 1
0.000693 2
0.000620 1
0.000599 1
0.000668 1
0.000703 2
0.000469 1
0.000463 1
0.000486 1
0.000555 1
0.000480 1
0.000529 1
0.000698 1
0.000449 1
0.000425 1
0.000416 1
0.000415 1
0.000481 1
0.000486 1
0.000462 2
0.000414 1
0.000411 1
0.000411 1
0.000410 1
0.000461 2
0.000449 1
0.000592 2
0.000687 1
0.000914 1
0.000782 1
0.000972 2
0.001267 1
0.001062 1
0.000766 1
0.001075 1
0.000670 1
0.000481 1
0.000457 1
0.000424 1
0.000416 1
0.000457 1
0.000412 1
0.000412 1
0.000410 1
0.000455 1
0.000465 1
0.000508 2
0.000636 1
0.000412 1
0.000419 1
0.001264 1
0.000402 525
6.468325 731
0.000472 155
0.000121 18
0.000662 48
0.247117 16
9.161275 8
0.002419 3
1.644571 15
2.569826 176
0.006853 16
68.395511 2
0.041712 107
0.000170 118
0.039738 100
0.000121 7
0.000160 8
1.898485 1
0.004460 18
0.257936 8
0.335251 6
0.213952 6
2.928098 15
0.000037 3
0.000672 18
