2.339483 107
0.000142 118
0.038466 100
0.000155 15
0.669941 18
0.000543 107
0.000110 118
0.036957 100
0.000186 15
1.487286 1
0.000701 4
0.000600 1
0.000592 1
0.000588 1
0.000582 1
0.000582 1
0.000580 1
0.000748 1
0.000606 2
0.000577 1
0.000577 1
0.001644 1
0.001506 2
0.001075 1
0.000963 1
0.000890 1
0.000897 1
0.000934 2
0.000839 1
0.000858 2
0.000844 1
0.000715 1
0.000759 1
0.000918 1
0.003042 1
0.000488 165
1.498596 191
0.000493 18
0.000545 107
0.000107 118
0.036294 100
0.000178 7
0.000230 8
0.926720 15
0.000034 3
0.000464 107
0.000058 98
0.000115 20
0.040339 100
0.000512 7
0.000201 8
1.341581 1
0.007239 47
1.025681 8
17.179489 179
0.002267 65
0.322548 6
0.149096 6
0.096541 6
0.383910 6
0.190106 281
0.007142 51
1.023696 6
0.345133 6
0.513221 224
0.000891 3
0.000979 2
0.001326 1
0.000978 1
0.000804 1
0.000805 1
0.000803 1
0.000845 2
0.000801 1
0.000806 1
0.000897 2
0.000787 1
0.000788 1
0.000940 1
0.001297 1
0.000742 1
0.000771 2
0.000750 1
0.000853 1
0.000878 1
0.001015 1
0.001441 1
0.000828 1
0.001266 1
0.003062 1
0.000424 134
1.046559 250
0.000451 19
0.000128 20
0.000651 107
0.000124 118
0.036397 100
0.000140 15
3.218904 1
0.008929 28
0.072523 73
0.179693 1
0.087617 1
0.188979 1
0.650975 3
0.334152 3
0.188587 3
0.181643 5
0.008712 28
0.484525 73
1.036828 1
0.007459 29
0.134446 8
0.145679 6
0.182413 6
0.163087 6
0.071047 6
0.240824 6
0.198550 41
0.004015 26
0.394486 71
0.004383 54
0.197195 6
0.998127 6
4.609682 6
1.204934 221
0.007300 45
0.148249 6
0.581630 6
1.629849 6
0.214485 6
0.323961 6
0.171503 6
0.105167 6
0.213728 6
0.940880 6
11.983236 131
0.097112 1
1.300959 3
0.556579 1
1.011080 3
0.745067 1
0.305690 1
0.897833 1
0.440496 1
1.020204 1
0.213560 1
0.634696 1
1.782866 1
1.740007 1
0.834231 1
1.841919 3
0.161507 3
1.883665 1
0.174880 1
11.405761 3
0.171431 3
1.249030 39
0.001476 3
0.001633 1
0.001576 1
0.002774 1
0.001973 1
0.001478 1
0.000918 1
0.000820 1
0.000842 1
0.000893 1
0.000794 1
0.000803 1
0.000862 1
0.000821 1
0.000779 1
0.000757 1
0.000755 1
0.000697 1
0.000695 1
0.000749 1
0.000693 1
0.000695 1
0.000674 1
0.000913 1
0.000946 1
0.000981 1
0.001239 1
0.000727 1
0.000768 1
0.000898 1
0.000710 1
0.000810 1
0.000693 1
0.000729 1
0.000691 1
0.000745 1
0.000702 1
0.000778 1
0.002759 1
0.000409 137
1.733288 243
0.000367 15
0.000037 3
0.000701 86
0.723271 21
0.000772 37
2.000436 37
2.002821 37
2.000926 37
2.000716 37
2.000824 74
0.484623 2
0.315765 107
0.000208 98
0.000189 20
0.038655 100
0.000518 7
0.000579 8
0.871899 18
0.000500 107
0.000129 118
0.036268 100
0.000168 15
3.979341 1
0.007583 102
0.160428 8
1.972671 6
0.137949 6
0.361019 6
0.121676 6
0.205680 6
0.726207 25
0.003523 59
0.081597 269
0.003171 16
0.641072 21
0.000155 20
0.000852 25
0.130714 60
0.000017 12
0.015834 225
0.041098 100
0.000276 7
0.000208 8
2.686794 18
0.000480 107
0.000118 98
0.000165 20
0.036252 100
0.000131 15
0.643428 9
0.315206 1
0.394693 44
0.894592 54
0.665611 7
0.809895 3
0.429314 7
0.373938 3
0.357536 7
0.237730 3
0.491572 7
0.034936 3
0.032414 7
0.033273 3
0.033555 48
0.033671 54
0.031642 2
0.032985 1
0.029945 1
0.975262 4
0.419248 3
0.007138 12
0.187743 10
0.005587 14
1.184469 15
0.006710 16
0.636810 6
0.158164 13
0.007591 93
1.881117 367
0.207971 1
0.595097 5
0.184447 4
0.504796 8
0.034543 7
0.031607 5
0.031348 4
0.278106 5
0.228450 5
0.484229 1
0.778513 71
0.109143 68
0.247113 68
2.905745 15
0.000039 7
0.001521 89
0.129291 279
0.015995 107
0.000119 98
0.000308 20
0.039330 100
0.000222 7
0.000100 8
3.398239 1
0.006804 105
0.134778 8
0.147260 6
0.094589 6
0.117522 6
0.063878 6
0.144394 6
0.639112 6
0.098652 25
0.004265 25
2.154634 6
0.126542 58
0.003967 26
0.128571 71
0.979439 3
0.007217 26
0.219477 71
0.463342 1
0.548469 1
0.188637 1
0.123826 1
0.124176 1
3.118606 20
0.000670 33
0.111228 9
0.015703 107
0.000378 118
0.037612 100
0.000197 15
1.318822 17
0.438149 72
3.008842 18
0.000787 89
0.172066 66
0.498206 107
0.000333 98
0.000043 20
0.036536 100
0.000293 7
0.000049 8
1.063574 106
1.862571 1
0.004053 105
0.117054 8
1.134525 6
0.105083 6
0.170286 6
0.123788 6
0.445670 6
0.198861 25
0.006701 12
0.117550 6
0.412733 20
0.000625 25
0.108338 262
0.013575 107
0.000249 98
0.000117 20
0.042627 100
0.000255 7
0.000040 8
1.421735 18
0.000528 107
0.000150 118
0.036476 100
0.000186 7
0.000139 8
0.914881 1
0.012993 24
0.083708 8
0.197150 6
0.095154 6
0.153673 6
0.073132 6
0.407104 6
1.485020 13
0.007016 177
0.284449 6
0.211384 6
0.156970 6
0.346302 6
1.042257 6
0.373814 6
0.077509 6
0.400593 6
0.353797 35
0.434435 1
0.246220 1
0.288920 1
0.160926 1
0.093826 1
0.088334 1
0.197251 1
1.254605 1
0.094448 1
2.925972 20
0.000734 42
0.249700 19
0.005862 19
0.741477 21
1.045321 1
0.077218 1
0.205433 2
0.001525 39
0.000201 19
2.225886 21
8.142646 1
0.154215 1
0.120880 1
0.241244 1
0.269677 1
0.388801 1
0.251848 1
0.290194 1
6.048189 1
0.248521 1
1.625218 1
0.083639 1
0.462599 38
1.070765 2
0.000589 420
1.002542 31
2.000516 31
1.999886 31
2.002100 117
1.999213 31
2.000362 31
2.000686 31
2.000626 31
2.002252 117
1.998901 31
2.000587 31
2.001908 31
2.002607 31
1.999109 117
2.000337 31
2.001990 31
2.001013 31
1.999228 31
2.002140 117
1.999065 31
2.000723 31
2.000648 31
2.002346 31
2.000737 117
2.000720 31
1.998623 31
2.002761 31
2.002407 31
1.999342 117
2.000499 31
2.000310 31
2.001303 31
1.999070 31
2.000520 117
2.003060 31
1.998046 31
2.002104 31
1.999120 31
2.000604 117
2.000862 31
2.000732 31
2.002427 31
2.000694 31
2.001036 117
0.733696 22
0.036248 107
0.000519 118
0.039923 100
0.000558 15
2.119942 1
0.006836 42
0.088549 8
0.155036 6
0.084778 6
0.171349 6
0.106343 6
0.160819 6
0.223831 119
0.007013 12
0.118475 6
0.579834 18
0.000669 25
0.131837 262
0.010728 107
0.000117 98
0.000116 20
0.044530 100
0.000278 7
0.000155 8
2.652808 1
0.003788 24
0.081247 8
0.194824 6
0.137431 6
0.136627 6
0.091647 6
0.237720 6
0.101883 13
0.004948 28
1.252585 6
0.239424 6
0.122874 6
0.187019 6
0.276947 58
0.004389 26
0.134040 71
0.389081 14
0.672747 7
0.000132 18
0.000684 35
0.448037 9
0.018915 107
0.000349 118
0.042408 100
0.000360 7
0.000046 8
0.558728 1
0.007885 35
0.101377 8
0.137440 6
0.138830 6
0.174848 6
0.105574 6
0.214936 6
0.191733 77
0.007533 96
0.087477 25
0.018959 22
1.013359 48
0.927146 7
0.000036 8
0.000040 5
0.001253 33
0.114725 9
0.019166 107
0.000213 98
0.000118 20
0.039941 100
0.000266 7
0.000143 8
1.158450 106
4.524187 1
0.007140 30
0.252228 8
0.148825 77
0.009520 12
0.182178 6
0.446662 18
0.000677 18
