2.424555 107
0.000159 118
0.043011 100
0.000154 15
1.697296 18
0.000657 107
0.000162 118
0.040813 100
0.000154 7
0.000186 8
0.651827 1
0.003853 48
0.631836 8
13.512801 189
0.000572 3
0.000550 1
0.000520 1
0.000479 1
0.000534 1
0.000511 1
0.000509 1
0.000602 2
0.000510 1
0.000567 1
0.000571 1
0.000794 2
0.000939 1
0.000620 1
0.000612 1
0.000671 1
0.000668 2
0.000538 1
0.000641 1
0.000607 2
0.000861 1
0.000770 1
0.000626 1
0.002343 1
0.002854 1
0.000617 158
2.091712 246
0.000370 19
0.000148 20
0.000719 107
0.000059 118
0.040302 100
0.000215 15
0.764436 18
0.000522 107
0.000057 118
0.040243 100
0.000083 7
0.000283 8
10.902919 1
0.002073 3
0.002135 1
0.000581 1
0.000672 2
0.000580 1
0.000590 2
0.000596 1
0.000550 1
0.000598 1
0.000564 1
0.000683 1
0.000961 2
0.002144 2
0.000881 1
0.001605 1
0.000732 1
0.000706 1
0.000754 1
0.000844 2
0.000716 1
0.000686 2
0.000674 1
0.000633 1
0.000656 1
0.000762 2
0.000659 1
0.000857 1
0.000644 1
0.000721 1
0.000633 1
0.002589 1
0.000655 205
2.355057 239
0.000556 18
0.003431 53
0.109748 30
0.000440 107
0.000207 118
0.040384 100
0.000174 15
2.677672 39
0.799887 7
0.505061 5
0.034815 3
0.030386 7
0.037491 2
0.024573 7
0.034197 3
0.480363 5
0.922975 45
0.134061 47
0.588658 18
0.000557 107
0.000142 118
0.035811 100
0.000173 15
5.154063 1
0.005405 14
0.107436 8
0.261110 15
0.000017 3
0.002550 26
0.002126 98
0.000284 107
0.000296 118
0.038730 100
0.000211 15
1.414445 1
0.003013 53
0.105787 223
0.003729 27
0.233299 6
0.219839 6
1.307683 64
0.124937 1
0.181806 19
0.723357 7
0.000155 18
0.000656 29
0.001444 230
0.000260 107
0.000229 118
0.042159 100
0.000206 15
1.488217 18
0.000566 107
0.000119 118
0.040156 100
0.000202 15
23.126024 1
0.004522 57
0.118008 8
0.858355 243
0.000498 3
0.000477 1
0.000788 1
0.000641 2
0.000398 1
0.000537 2
0.000392 1
0.000485 1
0.000483 1
0.000489 1
0.000459 1
0.000548 2
0.000479 1
0.000488 1
0.000456 1
0.000497 1
0.000499 1
0.000501 2
0.000455 1
0.000542 1
0.001337 1
0.000392 138
1.431079 231
0.000551 19
0.000162 7
0.000134 13
0.000640 107
0.000116 98
0.000103 20
0.069404 100
0.000274 7
0.000110 8
1.123767 1
0.003500 32
0.128866 8
0.341672 6
0.187218 6
0.434005 77
0.006526 23
0.207811 6
0.156884 6
0.335225 51
1.067790 7
0.000161 18
0.000684 27
0.001405 447
0.000243 107
0.000252 98
0.000055 20
0.040217 100
0.000153 15
17.012961 106
14.572687 1
0.002595 44
0.203699 8
0.443275 165
0.000518 3
0.000483 1
0.000504 1
0.000528 2
0.000468 1
0.000525 2
0.000466 1
0.000503 1
0.000459 1
0.000494 1
0.000481 2
0.000490 1
0.000501 2
0.000482 1
0.000929 1
0.000723 1
0.000521 1
0.000512 2
0.000511 1
0.000733 1
0.000446 1
0.000459 2
0.000650 1
0.000519 1
0.000515 2
0.000467 1
0.000494 1
0.000462 1
0.000497 1
0.000563 1
0.000492 1
0.000460 1
0.000492 1
0.000459 1
0.000524 2
0.000466 1
0.000508 1
0.000486 1
0.000573 1
0.000836 2
0.000547 1
0.000590 1
0.000642 1
0.000489 6
0.000497 1
0.000468 3
0.001338 1
0.000528 296
1.448553 386
0.000546 161
0.000155 18
0.000553 107
0.000168 118
0.041448 100
0.000132 15
1.194823 15
0.000011 3
0.000516 107
0.000145 118
0.040744 100
0.000180 7
0.000150 8
0.805352 1
0.004062 29
0.143039 8
0.155057 6
0.163966 6
0.129149 6
0.087211 6
0.272034 48
0.013639 28
0.588942 83
0.005851 34
0.212475 6
0.264996 6
1.141490 6
0.112642 6
0.326156 6
0.230042 6
0.166461 6
1.055525 6
0.140842 6
0.159469 6
0.749024 6
4.723465 48
5.760325 18
0.000703 43
1.197629 109
0.150433 477
0.025901 631
0.046455 107
0.000452 118
0.042574 100
0.000253 15
51.047515 7
0.000053 11
0.003658 107
0.000058 98
0.000051 20
0.068370 100
0.000693 7
0.001760 8
2.166843 1
0.003633 56
0.220196 241
0.002570 48
0.146019 6
0.151416 6
0.433593 6
0.707544 185
0.008335 29
0.124976 6
0.875266 78
0.407525 18
0.002325 34
0.004714 35
8.964406 2
0.012056 62
0.000099 13
0.000432 98
0.001339 108
0.000594 948
1.374840 22
0.497084 6
0.000044 16
0.034498 10
0.000072 12
0.031371 10
0.000037 12
0.032637 10
0.000037 12
0.035147 6
0.000174 16
0.030370 6
0.000067 16
0.261665 6
0.000048 17
0.205193 23
0.152656 6
0.000095 17
2.147512 6
0.000508 30
0.000936 58
0.128529 6
0.000180 53
0.204106 48
0.000043 12
0.217764 48
0.000024 12
3.024132 6
0.000689 261
0.000461 125
1.577889 6
0.000244 40
0.000251 38
0.000033 23
0.000024 10
0.000102 8
0.000016 144
0.000178 192
1.097900 6
0.000382 66
0.003515 107
0.000362 98
0.000154 20
0.057938 100
0.000170 7
0.000189 8
1.313239 18
0.000530 107
0.000171 118
0.040325 100
0.000273 7
0.000148 8
0.387236 20
0.678378 29
0.409639 32
2.502206 133
1.122842 18
0.000712 43
0.485228 18
0.000411 91
0.149906 366
0.150267 480
0.150513 208
0.000073 276
0.151291 493
0.150486 115
0.000036 462
0.150758 491
0.000026 90
0.150485 305
0.000022 93
0.000245 183
0.150322 119
0.000024 186
0.000034 270
0.000080 6
0.150227 398
0.000154 183
0.150438 398
0.000198 183
0.150361 34
0.000118 271
0.000016 276
0.150478 305
0.000046 93
0.000042 183
0.151103 581
0.150859 491
0.000474 90
0.149817 212
0.000078 279
0.000146 90
0.150197 119
0.000082 462
0.150824 117
0.000016 2
0.000121 462
0.151027 299
0.000022 6
0.000175 276
0.150862 119
0.000111 462
0.151372 305
0.000119 93
0.000220 183
0.150513 575
0.000154 6
0.150239 392
0.000039 99
0.000060 90
0.151008 581
0.150158 398
0.000037 93
0.000008 90
0.150201 212
0.000133 369
0.150401 212
0.000210 369
0.150429 119
0.000043 93
0.000037 279
0.000160 90
0.150330 305
0.000054 93
0.000043 183
0.150724 575
0.000249 6
0.149977 491
0.000078 90
0.151432 119
0.000257 462
0.150452 119
0.000037 186
0.000177 276
0.150002 34
0.000222 547
0.151163 398
0.000451 183
0.150455 392
0.000148 99
0.000088 90
0.150147 491
0.000151 90
0.149819 119
0.000106 462
0.150600 491
0.000063 90
0.150923 305
0.000516 276
0.150037 206
0.000066 99
0.000049 93
0.000017 93
0.000211 90
0.150528 305
0.000251 270
0.000037 6
0.150419 487
0.000028 4
0.000029 90
0.150873 581
0.150233 398
0.000267 183
0.150583 212
0.000037 363
0.000319 6
0.150608 305
0.000104 180
0.000037 6
0.000266 90
0.149813 491
0.000108 90
0.150749 212
0.000147 369
0.150844 119
0.000076 93
0.000365 369
0.149604 212
0.000078 369
0.150074 581
0.150593 398
0.000142 93
0.000022 90
0.150467 398
0.000060 183
0.151015 581
0.150374 305
0.000097 276
0.150527 305
0.000082 180
0.000014 6
0.000020 90
0.130896 398
0.000090 192
0.147251 668
0.000065 186
0.000151 6
0.120143 46
0.000111 85
0.000106 279
0.000111 732
0.102315 1238
0.130771 426
0.000157 918
0.150638 793
0.000171 555
0.116116 523
0.000042 93
0.000110 732
0.099934 337
0.000021 93
0.000015 93
0.000064 270
0.000035 186
0.000112 369
0.150492 244
0.000021 93
0.000012 93
0.000036 93
0.000083 825
0.148810 1348
0.150172 66
0.000055 364
0.000078 918
0.148724 337
0.000039 279
0.000019 177
0.000008 93
0.000081 270
0.000037 93
0.000010 99
0.101092 616
0.000048 84
0.000207 648
0.150325 886
0.000022 186
0.000111 276
0.148374 793
0.000041 186
0.000084 369
0.100360 616
0.000035 266
0.000045 4
0.000022 93
0.000059 93
0.000028 276
0.151038 700
0.001466 648
0.146985 523
0.000065 93
0.000026 270
0.000228 270
0.000013 93
0.000074 99
0.099812 1156
0.000096 192
0.100269 66
0.000063 1090
0.000088 192
0.150522 337
0.000094 1011
0.148802 66
0.000076 1006
0.000032 276
0.150756 151
0.000043 186
0.000222 1011
0.149086 787
0.000049 192
0.000127 369
0.150788 430
0.000020 363
0.000072 555
0.148152 789
0.000039 4
0.000050 186
0.000027 369
0.100462 244
0.000143 642
0.000103 462
0.150898 66
0.000122 1006
0.000014 84
0.000084 192
0.149414 244
0.000162 1104
0.150997 886
0.000038 462
0.148809 151
0.000019 372
0.000111 825
0.150479 700
0.000048 93
0.000261 555
0.148754 430
0.000073 93
0.000074 825
0.150578 151
0.000165 735
0.000082 462
0.148378 149
0.000015 2
0.000042 828
0.000051 270
0.000120 99
0.150401 244
0.000152 186
0.000328 918
0.148664 151
0.000193 465
0.000056 540
0.000065 192
0.099901 244
0.000139 642
0.000125 462
0.150799 424
0.000056 6
0.000084 918
0.148547 244
0.000046 642
0.000012 270
0.000058 192
0.099950 430
0.000145 186
0.000010 177
0.000024 279
0.000166 276
0.100194 337
0.000091 279
0.000077 732
0.100272 1348
0.099886 337
0.000044 279
0.000141 732
0.105154 523
0.000066 363
0.000254 462
0.151145 1348
0.142770 151
0.000167 1197
0.150784 430
0.000146 918
0.148427 151
0.000107 186
0.000042 93
0.000009 93
0.000081 819
0.000081 6
0.100227 244
0.000019 279
0.000095 825
0.151063 66
0.000019 178
0.000009 279
0.000060 549
0.000023 177
0.000198 99
0.148784 149
0.000045 467
0.000013 177
0.000167 555
0.150671 244
0.000111 1005
0.000093 99
0.148348 151
0.000086 186
0.000101 735
0.000107 276
0.100290 337
0.000073 93
0.000054 93
0.000041 363
0.000056 462
0.149774 337
0.000130 819
0.000062 93
0.000042 99
0.149778 610
0.000136 738
0.099628 700
0.000018 186
0.000093 462
0.150452 244
0.000111 275
0.000035 97
0.000151 177
0.000157 555
0.149336 523
0.000174 549
0.000183 276
0.149871 1348
0.148586 151
0.000277 1197
0.100603 244
0.000186 1104
0.100199 66
0.000042 457
0.000114 819
0.000011 6
0.150706 244
0.000053 93
0.000127 912
0.000138 99
0.147753 793
0.000064 273
0.000009 90
0.000023 192
0.100477 151
0.000049 372
0.000101 825
0.100045 523
0.000025 93
0.000189 732
0.150073 793
0.000086 273
0.000014 6
0.000161 276
0.149262 616
0.000016 363
0.000104 369
0.100166 886
0.000017 93
0.000028 177
0.000011 192
0.150695 1348
0.148763 66
0.000070 178
0.000056 456
0.000043 93
0.000020 186
0.000161 369
0.100364 430
0.000086 726
0.000130 192
0.150863 1348
0.148355 337
0.000098 450
0.000017 462
0.000008 99
0.151001 523
0.000020 177
0.000011 186
0.000114 462
0.148592 616
0.000016 177
0.000100 555
0.100182 337
0.000049 636
0.000010 99
0.000061 276
0.100086 700
0.000062 456
0.000094 192
0.150100 244
0.000162 1005
0.000144 99
0.149933 616
0.000254 633
0.000062 99
0.150505 337
0.000019 87
0.000053 99
0.000129 819
0.000207 6
0.147519 151
0.000046 372
0.000007 93
0.000071 720
0.000055 12
0.100349 337
0.000118 1011
0.150083 151
0.000138 921
0.000040 276
0.148830 66
0.000045 1090
0.000054 186
0.000060 6
0.100291 337
0.000039 456
0.000059 456
0.000162 99
0.100312 149
0.000027 374
0.000009 93
0.000044 363
0.000102 363
0.000013 6
0.149795 430
0.000100 815
0.000131 103
0.149043 244
0.000123 1005
0.000111 99
0.099976 1348
0.100259 430
0.000194 918
0.099820 244
0.000071 279
0.000076 633
0.000059 192
0.150349 616
0.000065 732
0.149108 244
0.000172 1104
0.100011 244
0.000112 372
0.000059 456
0.000050 270
0.000020 6
0.099678 430
0.000048 186
0.000045 732
0.150239 1072
0.000023 270
0.000153 6
0.149518 337
0.000104 363
0.000050 93
0.000074 555
0.150791 337
0.000024 93
0.000044 93
0.000046 270
0.000014 363
0.000013 93
0.000041 99
0.149031 337
0.000161 1011
0.100172 886
0.000145 456
0.000168 6
0.150462 151
0.000040 93
0.000070 279
0.000071 363
0.000058 270
0.000052 93
0.000008 99
0.148123 151
0.000149 549
0.000029 456
0.000015 192
0.101898 616
0.000262 540
0.000072 186
0.000169 6
0.150111 149
0.000022 281
0.000010 186
0.000028 270
0.000009 93
0.000010 93
0.000061 84
0.000145 192
0.148046 1348
0.150579 430
0.000128 549
0.000020 369
0.148297 1072
0.000108 276
0.150881 979
0.000087 369
0.148425 523
0.000076 456
0.000157 369
0.100658 337
0.000052 93
0.000008 93
0.000032 177
0.000013 93
0.000117 555
0.100495 151
0.000209 642
0.000098 555
0.150836 337
0.000061 549
0.000008 93
0.000112 369
0.147224 66
0.000107 1006
0.000015 177
0.000027 99
0.099923 244
0.000244 1104
0.150143 1348
0.150337 430
0.000083 918
0.100208 616
0.000045 177
0.000030 456
0.000028 99
0.150099 151
0.000203 921
0.000067 276
0.148366 238
0.000055 6
0.000055 279
0.000069 177
0.000065 186
0.000043 93
0.000009 93
0.000073 276
0.100490 151
0.000042 93
0.000043 735
0.000023 177
0.000075 192
0.150388 244
0.000075 642
0.000015 93
0.000093 369
0.149113 1348
0.099968 244
0.000149 1104
0.150588 151
0.000151 921
0.000123 276
0.148336 151
0.000070 186
0.000023 93
0.000066 726
0.000012 192
0.100016 337
0.000163 819
0.000145 192
0.150759 244
0.000023 279
0.000066 633
0.000079 192
0.149003 616
0.000020 84
0.000160 642
0.000052 6
0.150844 244
0.000254 1104
0.148238 337
0.000165 912
0.000124 99
0.100034 151
0.000084 642
0.000114 555
0.100432 244
0.000034 186
0.000163 918
0.150355 337
0.000139 1005
0.000104 6
0.148197 66
0.000096 1282
0.100693 151
0.000017 186
0.000053 549
0.000051 93
0.000154 369
0.100014 979
0.000082 369
0.100296 1348
0.150814 151
0.000097 1197
0.147899 151
0.000033 93
0.000129 549
0.000151 279
0.000101 276
0.099664 430
0.000058 93
0.000111 825
0.100205 149
0.000041 551
0.000105 93
0.000113 555
0.150616 244
0.000050 186
0.000135 363
0.000060 555
0.148499 1348
0.100389 337
0.000052 93
0.000168 918
0.150868 244
0.000070 279
0.000208 825
0.147774 244
0.000034 180
0.000108 648
0.000224 276
0.100320 151
0.000022 93
0.000069 93
0.000013 93
0.000095 93
0.000029 270
0.000134 555
0.150653 151
0.000150 1197
0.148958 331
0.000024 6
0.000029 186
0.000109 633
0.000155 192
0.100198 244
0.000149 1005
0.000062 99
0.150331 151
0.000041 186
0.000009 180
0.000007 99
0.000074 177
0.000168 555
0.148503 151
0.000305 1197
0.100023 1348
0.150585 244
0.000221 1104
0.149328 151
0.000075 642
0.000153 555
0.099808 151
0.000081 186
0.000068 642
0.000036 177
0.000009 192
0.150194 616
0.000171 732
0.150162 66
0.000272 1282
0.150616 244
0.000092 186
0.000012 186
0.000109 540
0.000032 192
0.147566 151
0.000116 279
0.000018 93
0.000055 93
0.000011 84
0.000083 648
0.100129 151
0.000169 1098
0.000038 99
0.150944 886
0.000054 93
0.000099 270
0.000162 99
0.149047 523
0.000046 177
0.000094 648
0.150888 244
0.000123 1098
0.000026 6
0.148355 66
0.000144 727
0.000050 555
0.150496 616
0.000167 732
0.149054 337
0.000100 93
0.000131 819
0.000009 99
0.150743 151
0.000132 1197
0.149057 151
0.000132 1197
0.099978 337
0.000062 186
0.000011 177
0.000050 648
0.151144 66
0.000124 1276
0.000029 6
0.148392 616
0.000118 732
0.099978 430
0.000278 918
0.150015 1072
0.000030 276
0.149915 1348
0.150009 337
0.000044 456
0.000099 93
0.000160 462
0.149616 151
0.000174 1197
0.151098 616
0.000023 177
0.000050 93
0.000024 270
0.000029 192
0.147455 151
0.000060 642
0.000015 279
0.000215 276
0.100494 430
0.000097 726
0.000011 93
0.000006 99
0.100200 430
0.000191 912
0.000094 6
0.149892 1342
0.000066 6
0.149608 430
0.000169 918
0.102171 60
0.000932 6
0.000646 1183
0.000040 99
0.148911 523
0.000084 363
0.000015 186
0.000128 270
0.000044 6
0.147148 244
0.000017 93
0.000067 817
0.000065 194
0.150641 616
0.000026 270
0.000035 270
0.000163 192
0.148324 337
0.001420 1011
0.098725 430
0.000102 456
0.000063 462
0.150034 1249
0.000231 99
0.149435 337
0.000188 1011
0.100907 151
0.000093 186
0.000045 363
0.000419 648
0.099559 979
0.000102 177
0.000288 192
0.150734 151
0.000224 465
0.000221 177
0.000319 555
0.146218 151
0.000109 1197
0.100801 151
0.000073 828
0.000012 177
0.000074 93
0.000059 99
0.100587 303
0.000117 127
0.000177 819
0.000097 99
0.150088 337
0.000032 93
0.000185 359
0.000109 4
0.000038 186
0.000021 93
0.000023 270
0.000026 6
0.148019 523
0.000293 825
0.102153 616
0.000226 270
0.000072 270
0.000149 93
0.000025 99
0.149733 1072
0.000435 276
0.147747 337
0.000079 186
0.000169 726
0.000022 99
0.099791 793
0.000097 279
0.000020 84
0.000113 192
0.100542 1072
0.000150 177
0.000282 99
0.099497 337
0.000323 1011
0.099940 244
0.000057 273
0.000225 732
0.000119 99
0.100005 1348
0.100139 337
0.000126 93
0.000360 918
0.149782 337
0.000140 549
0.000139 462
0.149425 430
0.000132 270
0.000280 279
0.000151 93
0.000081 177
0.000302 99
0.149321 616
0.000361 732
0.148524 151
0.000301 1197
0.099850 151
0.000124 93
0.000433 1092
0.000164 12
0.150120 337
0.000073 93
0.000048 93
0.000016 177
0.000061 456
0.000046 192
0.148281 523
0.000118 543
0.000016 90
0.000043 186
0.000081 6
0.100119 430
0.000038 93
0.000184 825
0.151247 244
0.000202 1098
0.000104 6
0.147783 616
0.000133 456
0.000159 276
0.150483 424
0.000127 192
0.000093 732
0.148878 244
0.000181 1005
0.000112 99
0.100765 523
0.000047 93
0.000441 732
0.150603 793
0.000357 555
0.147127 430
0.000102 270
0.000019 549
0.000012 93
0.000051 6
0.100634 430
0.000095 93
0.000080 363
0.414203 4095
0.000297 411
0.086136 1357
0.150678 430
0.000082 927
0.150187 430
0.000048 186
0.000027 270
0.000091 471
0.150441 1441
0.115587 155
0.000139 1290
0.119071 341
0.000079 1104
0.109456 70
0.000073 1006
0.000040 369
0.105575 1445
0.106480 248
0.000018 279
0.000039 177
0.000027 186
0.000104 555
0.105070 1445
0.103706 155
0.000112 1290
0.151257 1445
0.153001 1445
0.150813 1445
0.149892 620
0.000070 726
0.000012 99
0.150314 155
0.000022 186
0.000132 279
0.000222 363
0.000017 186
0.000095 285
0.149785 155
0.000016 372
0.000013 93
0.000015 279
0.000259 648
0.150317 1089
0.000049 186
0.000041 93
0.000009 183
0.150401 531
0.000096 465
0.000036 465
0.000191 90
0.149813 810
0.000062 372
0.000028 363
0.000113 6
0.150317 438
0.000057 93
0.000142 279
0.000040 651
0.000025 84
0.000009 6
0.150130 159
0.000043 651
0.000022 372
0.000007 93
0.000018 93
0.000066 183
0.116323 345
0.000242 930
0.000077 186
0.000009 93
0.000022 99
0.150544 1741
0.149939 446
0.000023 93
0.000022 279
0.000174 927
0.150392 76
0.000019 6
0.000025 271
0.000090 186
0.000136 279
0.000022 93
0.000177 186
0.000015 186
0.000130 462
0.150572 82
0.000273 1663
0.150424 260
0.000040 93
0.000024 186
0.000010 372
0.000029 186
0.000019 279
0.000170 462
0.150147 543
0.000073 372
0.000023 465
0.000023 93
0.000023 186
0.000042 183
0.150465 1101
0.000063 186
0.000077 549
0.000013 6
0.150262 444
0.000081 471
0.000084 927
0.150119 264
0.000103 372
0.000061 279
0.000063 744
0.000036 177
0.000054 6
0.150731 450
0.000098 186
0.000013 837
0.000080 369
0.150177 171
0.000023 186
0.000091 744
0.000071 372
0.000079 369
0.150394 915
0.000020 186
0.000117 741
0.150429 357
0.000044 93
0.000185 744
0.000166 465
0.000045 183
0.150081 264
0.000083 279
0.000085 279
0.000148 1204
0.150276 272
0.000159 744
0.000061 186
0.000084 558
0.000066 84
0.000099 190
0.149968 272
0.000257 930
0.000104 558
0.000132 274
0.150454 458
0.000022 186
0.000044 93
0.000101 279
0.000016 372
0.000077 93
0.000082 279
0.000105 274
0.149994 644
0.000102 279
0.000207 1013
0.000084 98
0.149900 94
0.000050 178
0.000011 93
0.000125 1669
0.151072 737
0.000137 372
0.000219 465
0.000190 460
0.149497 179
0.000016 186
0.000029 465
0.000021 186
0.000022 93
0.000029 93
0.000025 372
0.000030 362
0.000007 98
0.150578 458
0.000047 93
0.000154 465
0.000055 1018
0.149945 179
0.000089 279
0.000038 465
0.000102 1203
0.150077 648
0.000123 1476
0.000049 6
0.150822 276
0.000136 279
0.000032 186
0.000031 279
0.000029 372
0.000063 372
0.000094 458
0.149982 373
0.000165 1853
0.150175 373
0.000045 372
0.000041 465
0.000074 826
0.000008 92
0.000074 190
0.150059 377
0.000045 93
0.000085 372
0.000181 837
0.000129 545
0.000017 92
0.000011 6
0.149927 100
0.000123 649
0.000078 372
0.000011 186
0.000059 279
0.000050 724
0.000014 12
0.150429 284
0.000015 186
0.000008 93
0.000010 93
0.000134 1666
0.150176 191
0.000033 93
0.000160 275
0.000042 97
0.000089 186
0.000190 738
0.000047 6
0.000165 736
0.149651 106
0.000039 364
0.000138 651
0.000074 735
0.000071 466
0.150050 470
0.000234 1302
0.000146 550
0.150159 2322
0.151067 2414
0.150179 474
0.000377 1662
0.000053 184
0.000007 98
0.150164 195
0.000055 279
0.000344 1944
0.150014 1311
0.000056 186
0.000041 455
0.000008 92
0.000024 368
0.000105 6
0.150229 846
0.000057 93
0.000010 186
0.000016 93
0.000162 465
0.000150 361
0.000072 374
0.149879 110
0.000225 360
0.000017 4
0.000048 465
0.000109 279
0.000152 1200
0.149872 195
0.000053 279
0.000048 93
0.000191 930
0.000169 921
0.149796 195
0.000022 93
0.000121 837
0.000043 186
0.000091 1009
0.000042 98
0.150357 2418
0.150681 110
0.000032 85
0.000101 744
0.000068 744
0.000060 93
0.000089 636
0.000027 6
0.150172 288
0.000165 1302
0.000081 270
0.000029 184
0.000083 374
0.150136 840
0.000074 192
0.000096 93
0.000097 1293
0.150022 288
0.000055 279
0.000196 1569
0.000025 282
0.150335 195
0.000114 186
0.000294 1023
0.000038 456
0.000020 276
0.000017 92
0.000012 92
0.000060 98
0.149858 195
0.000041 93
0.000035 93
0.000036 465
0.000068 372
0.000110 93
0.000008 1101
0.000120 6
0.150507 110
0.000094 1015
0.000062 186
0.000085 1107
0.150137 567
0.000083 186
0.000012 93
0.000008 93
0.000047 279
0.000049 93
0.000051 372
0.000010 177
0.000010 92
0.000009 184
0.000011 276
0.000006 6
0.150510 195
0.000043 180
0.000011 6
0.000085 279
0.000078 186
0.000042 186
0.000051 558
0.000011 186
0.000070 642
0.150247 381
0.000069 1116
0.000143 363
0.000051 92
0.000008 276
0.000039 92
0.000090 98
0.149826 381
0.000210 1479
0.000106 558
0.150056 195
0.000047 93
0.000103 837
0.000112 372
0.000212 547
0.000113 374
0.149869 2418
0.150944 288
0.000092 93
0.000122 651
0.000110 465
0.000121 921
0.149817 375
0.000039 6
0.000049 186
0.000109 93
0.000070 837
0.000114 823
0.000030 98
0.150103 753
0.000076 186
0.000033 186
0.000020 186
0.000067 825
0.000073 92
0.000009 190
0.150080 474
0.000207 1944
0.150326 474
0.000093 744
0.000051 93
0.000167 1107
0.149838 110
0.000101 643
0.000311 1665
0.150173 474
0.000289 1472
0.000095 282
0.000007 92
0.000078 98
0.150150 567
0.000022 186
0.000008 279
0.000005 93
0.000124 1011
0.000053 92
0.000214 190
0.150026 195
0.000101 465
0.000039 186
0.000088 837
0.000070 735
0.150162 567
0.000014 93
0.000021 186
0.000064 930
0.000075 544
0.000032 98
0.150104 110
0.000228 2308
0.150196 2418
0.150282 195
0.000049 93
0.000163 1395
0.000175 361
0.000070 374
0.149928 846
0.000061 279
0.000100 1103
0.000231 190
0.149959 939
0.000038 186
0.000059 827
0.000084 466
0.150386 753
0.000150 930
0.000074 177
0.000031 184
0.000021 184
0.000010 184
0.000068 6
0.150004 195
0.000061 372
0.000013 93
0.000148 558
0.000107 366
0.000052 6
0.000036 362
0.000063 184
0.000011 92
0.000031 190
0.150030 195
0.000152 1581
0.000066 176
0.000026 276
0.000195 190
0.149791 195
0.000092 651
0.000056 186
0.000007 93
0.000111 558
0.000243 735
0.150277 195
0.000178 1209
0.000046 93
0.000057 279
0.000066 642
0.150368 195
0.000182 837
0.000249 1386
0.149945 381
0.000022 279
0.000116 930
0.000107 270
0.000103 558
0.150102 381
0.000098 558
0.000094 93
0.000017 558
0.000009 93
0.000008 177
0.000089 92
0.000015 466
0.149859 567
0.000023 93
0.000072 186
0.000065 279
0.000049 186
0.000007 93
0.000034 372
0.000060 642
0.150168 474
0.000018 279
0.000043 372
0.000028 372
0.000030 279
0.000020 268
0.000060 276
0.000201 98
0.149996 470
0.000021 4
0.000027 93
0.000120 930
0.000035 93
0.000141 828
0.150257 195
0.000431 2223
0.149579 195
0.000113 93
0.000011 93
0.000008 93
0.000017 186
0.000123 930
0.000057 93
0.000057 735
0.150756 939
0.000063 93
0.000008 93
0.000036 93
0.000084 279
0.000161 921
0.150134 195
0.000129 651
0.000014 372
0.000008 93
0.000007 93
0.000045 93
0.000075 455
0.000042 92
0.000007 92
0.000009 92
0.000066 190
0.150127 110
0.000522 271
0.002270 279
0.000035 186
0.000987 1572
0.146475 110
0.000093 85
0.000344 2223
0.150514 195
0.000146 1581
0.000113 84
0.000220 558
0.150666 2418
0.150330 474
0.000023 372
0.000157 1572
0.150236 195
0.000052 366
0.000127 564
0.000199 651
0.000207 642
0.149880 840
0.000020 378
0.000087 279
0.000027 186
0.000223 735
0.150280 195
0.000228 2223
0.150139 110
0.000147 1294
0.000054 186
0.000010 93
0.000158 735
0.150318 1311
0.000022 279
0.000025 362
0.000022 460
0.000013 6
0.150768 288
0.000220 1116
0.000116 456
0.000182 558
0.150017 288
0.000081 1116
0.000012 93
0.000075 279
0.000106 642
0.150217 195
0.000152 1116
0.000044 186
0.000120 279
0.000055 84
0.000116 276
0.000065 282
0.150027 288
0.000133 1203
0.000071 461
0.000009 368
0.000082 98
0.150287 195
0.000056 186
0.000051 279
0.000015 93
0.000122 1475
0.000022 92
0.000134 98
0.150210 563
0.000044 283
0.000273 1290
0.000032 282
0.150133 288
0.000016 93
0.000043 465
0.000075 651
0.000013 186
0.000081 735
0.150267 288
0.000132 1116
0.000114 1014
0.150329 939
0.000025 93
0.000014 279
0.000036 279
0.000048 93
0.000057 177
0.000150 558
0.149940 110
0.000112 918
0.000016 190
0.000058 558
0.000062 360
0.000020 282
0.150268 474
0.000065 186
0.000282 837
0.000135 823
0.000195 98
0.149591 846
0.000064 279
0.000111 1103
0.000126 190
0.150122 567
0.000093 93
0.000034 651
0.000113 549
0.000043 92
0.000010 276
0.000136 190
0.150118 195
0.000121 930
0.000064 735
0.000161 558
0.150118 195
0.000196 1488
0.000058 175
0.000110 2
0.000028 92
0.000092 184
0.000262 282
0.149854 381
0.000256 1116
0.000152 921
0.150057 381
0.000085 558
0.000094 279
0.000092 1200
0.150164 660
0.000112 186
0.000015 93
0.000232 1197
0.000228 282
0.149770 288
0.000142 186
0.000066 186
0.000235 1758
0.149853 474
0.000015 93
0.000057 186
0.000054 558
0.000154 1107
0.150451 567
0.000251 1293
0.000110 276
0.000107 282
0.149829 195
0.000048 465
0.000018 93
0.000111 279
0.000127 826
0.000099 186
0.000360 374
0.149554 195
0.000233 2223
0.108184 1032
0.000134 1386
0.150463 110
0.000118 922
0.000021 372
0.000014 186
0.000063 270
0.000014 92
0.000061 276
0.000008 92
0.000006 98
0.151050 2418
0.150264 375
0.000136 936
0.000054 186
0.000040 93
0.000117 454
0.000090 374
0.150251 110
0.000049 85
0.000008 186
0.000030 186
0.000085 651
0.000195 1200
0.150123 110
0.000277 2308
0.150145 474
0.000266 1944
0.154273 2418
0.147940 110
0.000253 2308
0.150721 195
0.000041 93
0.000054 279
0.000112 93
0.000230 1758
0.150108 288
0.000059 186
0.000008 186
0.000078 465
0.000213 1293
0.149921 381
0.000159 1479
0.000070 558
0.150295 110
0.000068 829
0.000105 1289
0.000046 92
0.000074 98
0.150652 474
0.000036 93
0.000008 180
0.000016 6
0.000059 372
0.000063 93
0.000010 186
0.000057 279
0.000087 269
0.000090 276
0.000119 190
0.149816 567
0.000028 279
0.000017 372
0.000038 465
0.000018 177
0.000028 368
0.000018 190
0.150369 288
0.000064 651
0.000009 93
0.000019 186
0.000068 642
0.000061 276
0.000040 92
0.000062 190
0.149777 110
0.000019 178
0.000030 279
0.000047 558
0.000021 186
0.000032 279
0.000017 186
0.000038 452
0.000114 190
0.149826 474
0.000054 186
0.000027 279
0.000075 558
0.000194 823
0.000123 98
0.149945 193
0.000075 467
0.000021 651
0.000028 279
0.000139 828
0.150163 195
0.000044 93
0.000008 93
0.000018 186
0.000028 186
0.000045 93
0.000037 93
0.000011 93
0.000091 186
0.000048 93
0.000092 93
0.000023 93
0.000130 823
0.000079 98
0.149899 288
0.000106 1116
0.000128 1014
0.150549 2418
0.149813 110
0.000019 178
0.000019 279
0.000142 1851
0.150337 288
0.000237 1302
0.000041 186
0.000112 642
0.150410 840
0.000043 192
0.000082 744
0.000095 642
0.159720 2418
0.150126 110
0.000368 2308
0.150283 474
0.000181 1386
0.000151 558
0.150206 195
0.000099 186
0.000163 1209
0.000017 186
0.000144 642
0.149965 660
0.000278 1758
0.150379 2418
0.150459 381
0.000142 1479
0.000114 558
0.150206 2418
0.150031 110
0.000037 85
0.000007 93
0.000681 2130
0.149604 288
0.000103 837
0.000170 651
0.000016 176
0.000045 276
0.000097 190
0.150037 2418
0.150346 1125
0.000056 279
0.000049 93
0.000007 93
0.000007 93
0.000109 735
0.150203 846
0.000017 182
0.000007 4
0.000097 651
0.000067 269
0.000072 466
0.150004 195
0.000038 186
0.000024 372
0.000180 1665
0.150337 474
0.000049 89
0.000014 4
0.000009 93
0.000033 372
0.000029 93
0.000192 558
0.000177 545
0.000133 190
0.121112 110
0.000099 550
0.000146 461
0.000037 4
0.000053 279
0.000019 93
0.000013 93
0.000145 186
0.000022 268
0.000014 92
0.000313 282
0.149086 474
0.000058 930
0.000061 640
0.000060 374
0.150359 660
0.000079 93
0.000095 186
0.000268 837
0.000046 268
0.000043 374
0.149999 474
0.000142 1386
0.000114 368
0.000099 190
0.150280 195
0.000128 930
0.000074 186
0.000116 917
0.000020 184
0.000157 6
0.110157 195
0.000016 93
0.000007 279
0.000036 93
0.000103 372
0.000122 186
0.000119 734
0.000063 184
0.000067 282
0.150170 567
0.000026 366
0.000141 471
0.000118 1014
0.150205 660
0.000016 89
0.000008 4
0.000018 186
0.000047 372
0.000107 733
0.000008 92
0.000023 184
0.000014 98
0.150085 288
0.000212 1395
0.000059 269
0.000025 184
0.000062 282
0.150056 656
0.000028 4
0.000141 930
0.000072 362
0.000218 466
0.149969 474
0.000084 372
0.000098 186
0.000243 828
0.000018 276
0.000091 92
0.000018 86
0.000094 104
0.149700 1683
0.000264 735
0.150252 660
0.000066 186
0.000072 93
0.000138 651
0.000181 828
0.149946 282
0.000023 99
0.000075 558
0.000136 279
0.000123 279
0.000158 921
0.150056 195
0.000026 186
0.000040 186
0.000043 372
0.000084 744
0.000135 735
0.150176 288
0.000112 273
0.000041 750
0.000110 1107
0.149888 656
0.000017 4
0.000006 186
0.000029 465
0.000025 279
0.000042 270
0.000045 558
0.150197 288
0.000058 93
0.000075 1023
0.000011 186
0.000007 93
0.000061 735
0.150101 195
0.000195 558
0.000013 279
0.000161 186
0.000113 372
0.000122 828
0.150048 474
0.000049 93
0.000038 279
0.000080 651
0.000013 93
0.000075 730
0.000070 98
0.150140 846
0.000089 372
0.000008 186
0.000010 93
0.000047 279
0.000031 176
0.000118 466
0.150198 846
0.000030 186
0.000108 651
0.000010 269
0.000103 276
0.000135 190
0.150191 846
0.000048 93
0.000075 279
0.000281 1200
0.150095 846
0.000019 186
0.000107 1012
0.000172 374
0.150616 567
0.000018 186
0.000010 182
0.000011 97
0.000035 186
0.000157 1200
0.150117 474
0.000043 651
0.000055 735
0.000065 558
0.150404 567
0.000019 186
0.000069 930
0.000047 545
0.000034 184
0.000117 6
0.150269 753
0.000121 744
0.000012 455
0.000028 276
0.000018 92
0.000013 98
0.150220 567
0.000055 930
0.000023 455
0.000048 466
0.150305 288
0.000017 186
0.000117 1209
0.000053 177
0.000097 558
0.150380 2418
0.150894 753
0.000105 186
0.000116 372
0.000044 93
0.000038 93
0.000012 186
0.000034 361
0.000129 374
0.150193 939
0.000081 372
0.000178 917
0.000036 190
0.150240 288
0.000024 279
0.000183 930
0.000017 186
0.000008 177
0.000073 272
0.000009 4
0.000007 184
0.000110 98
0.150022 195
0.000041 372
0.000037 279
0.000033 372
0.000098 918
0.000019 92
0.000031 190
0.150035 381
0.000240 2037
0.150121 288
0.000167 558
0.000030 186
0.000017 186
0.000016 93
0.000144 1107
0.150241 846
0.000073 465
0.000016 93
0.000025 186
0.000231 828
0.150346 846
0.000048 93
0.000065 372
0.000110 279
0.000016 93
0.000038 177
0.000031 368
0.000109 190
0.149944 195
0.000018 186
0.000029 93
0.000155 558
0.000024 93
0.000073 279
0.000098 818
0.000017 196
0.150274 660
0.000032 93
0.000102 186
0.000293 1197
0.000119 282
0.149797 377
0.000021 97
0.000032 279
0.000044 93
0.000293 1198
0.000017 184
0.000095 184
0.000134 6
0.150055 939
0.000075 186
0.000079 465
0.000023 93
0.000169 269
0.000033 272
0.000010 96
0.000038 98
0.150048 939
0.000163 1479
0.150681 381
0.000055 93
0.000044 279
0.000287 1665
0.150129 474
0.000062 372
0.000041 372
0.000096 372
0.000064 638
0.000026 190
0.150323 381
0.000060 279
0.000039 186
0.000080 837
0.000039 269
0.000073 466
0.150748 474
0.000193 744
0.000312 1200
0.149659 288
0.000017 93
0.000013 186
0.000039 279
0.000216 930
0.000018 176
0.000079 276
0.000016 190
0.149955 567
0.000101 1116
0.000043 545
0.000006 190
0.150470 381
0.000018 279
0.000007 186
0.000139 465
0.000060 93
0.000017 93
0.000015 93
0.000013 93
0.000073 545
0.000015 190
0.150019 195
0.000036 93
0.000248 1488
0.000018 268
0.000028 184
0.000176 190
0.150070 288
0.000019 372
0.000009 93
0.000103 558
0.000072 93
0.000197 1014
0.150107 935
0.000076 655
0.000179 828
0.150199 660
0.000099 93
0.000199 1023
0.000044 176
0.000179 466
0.149959 288
0.000063 186
0.000042 87
0.000032 99
0.000020 93
0.000030 279
0.000032 279
0.000020 186
0.000024 186
0.000032 269
0.000096 276
0.000197 190
0.149860 195
0.000041 93
0.000086 372
0.000251 1758
0.150457 474
0.000041 93
0.000038 186
0.000081 744
0.000075 279
0.000235 642
0.149855 288
0.000195 1482
0.000130 648
0.150086 195
0.000049 465
0.000105 1023
0.000018 93
0.000011 176
0.000032 276
0.000008 92
0.000039 98
0.150280 933
0.000057 99
0.000042 279
0.000221 1107
0.150056 660
0.000021 279
0.000023 279
0.000112 1200
0.150335 468
0.000055 99
0.000023 93
0.000146 93
0.000264 1107
0.000086 276
0.000116 282
0.151186 660
0.000102 279
0.000183 558
0.000230 921
0.149298 1683
0.000074 93
0.000184 642
0.150276 288
0.000027 558
0.000097 558
0.000153 548
0.000017 92
0.000027 368
0.000219 6
0.149825 282
0.000124 192
0.000147 279
0.000129 1107
0.000073 558
0.150095 1032
0.000055 93
0.000152 1103
0.000188 190
0.149891 195
0.000025 186
0.000240 1395
0.000174 642
0.150040 753
0.000084 1567
0.000090 98
0.150546 288
0.000168 1017
0.000063 6
0.000041 93
0.000010 186
0.000094 638
0.000133 190
0.150234 474
0.000077 558
0.000080 920
0.000072 368
0.000144 98
0.149990 567
0.000197 744
0.001957 1107
0.148032 195
0.000039 89
0.000010 4
0.000123 372
0.000128 837
0.000047 93
0.000050 93
0.000055 93
0.000121 636
0.000132 6
0.150360 193
0.000073 95
0.000083 744
0.000099 279
0.000191 1107
0.150297 1398
0.000061 99
0.000014 93
0.000041 270
0.000225 184
0.000137 374
0.150151 846
0.000093 558
0.000129 1014
0.150402 660
0.000192 651
0.000034 186
0.000309 455
0.000104 184
0.000040 282
0.149856 288
0.000059 186
0.000016 186
0.000085 279
0.000049 465
0.000145 916
0.000093 98
0.150270 846
0.000073 93
0.000032 372
0.000065 186
0.000047 279
0.000068 176
0.000011 92
0.000013 92
0.000009 92
0.000019 190
0.151028 468
0.000134 99
0.000165 372
0.000113 558
0.000414 921
0.150543 381
0.000121 558
0.000117 558
0.000262 633
0.000035 6
0.000055 282
0.149951 1218
0.000070 93
0.000084 279
0.000401 828
0.149524 660
0.000123 558
0.000060 372
0.000051 186
0.000025 268
0.000039 92
0.000043 92
0.000007 92
0.000017 98
0.149903 288
0.000045 279
0.000196 1477
0.000099 374
0.150469 567
0.000076 93
0.000121 465
0.000202 919
0.000178 374
0.150156 282
0.000061 99
0.000150 651
0.000127 558
0.000026 93
0.000031 93
0.000435 636
0.000301 6
0.149439 660
0.000033 186
0.000153 837
0.000028 177
0.000216 558
0.150154 567
0.000031 186
0.000048 465
0.000016 93
0.000305 1107
0.150230 846
0.000029 93
0.000109 921
0.000127 460
0.000067 98
0.150305 567
0.000064 89
0.000020 4
0.000101 372
0.000092 93
0.000070 89
0.000016 4
0.000097 93
0.000291 1107
0.149831 660
0.000058 279
0.000112 279
0.000016 93
0.000117 917
0.000073 190
0.149962 195
0.000040 186
0.000060 279
0.000026 275
0.000023 4
0.000026 186
0.000078 279
0.000026 93
0.000112 455
0.000014 92
0.000058 272
0.000009 4
0.000024 98
0.149941 1125
0.000076 186
0.000085 1101
0.000134 6
0.150922 195
0.000332 744
0.000250 1013
0.000233 466
0.149554 474
0.000033 186
0.000020 186
0.000209 1014
0.000285 558
0.150141 381
0.000300 837
0.000082 642
0.000244 558
0.150748 381
0.000051 93
0.000070 372
0.000043 186
0.000042 186
0.000077 279
0.000056 279
0.000086 176
0.000204 466
0.149824 753
0.000044 186
0.000006 645
0.000029 6
0.000088 93
0.000029 453
0.000018 184
0.000023 98
0.150238 288
0.000022 744
0.000008 182
0.000084 190
0.000013 279
0.000008 93
0.000076 642
0.150430 939
0.000041 93
0.000070 279
0.000040 549
0.000106 558
0.150212 381
0.000118 645
0.000050 6
0.000011 186
0.000031 186
0.000235 916
0.000023 98
0.150808 288
0.000043 465
0.000176 372
0.000096 93
0.000105 465
0.000073 89
0.000187 646
0.149881 381
0.000110 465
0.000237 1284
0.000025 98
0.000079 92
0.000477 98
0.149286 567
0.000138 186
0.000100 372
0.000077 372
0.000279 921
0.150178 381
0.000052 93
0.000024 186
0.000200 930
0.000422 828
0.149681 381
0.000026 279
0.000094 1023
0.000091 269
0.000088 466
0.150794 567
0.000456 1753
0.000452 98
0.149543 288
0.000194 186
0.000088 651
0.000221 465
0.000202 828
0.150383 660
0.000308 1476
0.000159 282
0.149462 660
0.000030 93
0.000157 1023
0.000017 176
0.000311 466
0.150098 195
0.000296 1665
0.000260 558
0.150123 288
0.000062 372
0.000034 93
0.000115 372
0.000090 186
0.000019 93
0.000198 1014
0.150507 1311
0.000053 93
0.000062 910
0.000108 104
0.150250 753
0.000126 1023
0.000021 452
0.000018 92
0.000010 98
0.150191 375
0.000083 378
0.000008 186
0.000006 93
0.000117 1386
0.150214 747
0.000016 99
0.000117 930
0.000110 642
0.150478 563
0.000018 190
0.000035 465
0.000027 279
0.000091 921
0.150209 381
0.000070 1395
0.000047 176
0.000016 466
0.150233 753
0.000045 186
0.000113 921
0.000150 558
0.150064 195
0.000068 1116
0.000072 465
0.000019 268
0.000011 184
0.000028 190
0.103332 195
0.000040 93
0.000084 837
0.000027 93
0.000083 93
0.000030 372
0.000016 177
0.000019 92
0.000016 276
0.000096 190
0.149733 195
0.000205 1665
0.000015 276
0.000084 282
0.149992 288
0.000238 837
0.000012 279
0.000056 279
0.000012 453
0.000035 282
0.150521 1590
0.000161 828
0.150134 381
0.000030 372
0.000085 372
0.000047 372
0.000104 455
0.000018 276
0.000015 190
0.150137 288
0.000126 1209
0.000027 363
0.000023 276
0.000021 276
0.000095 6
0.150125 846
0.000137 837
0.000077 637
0.000023 98
0.150218 381
0.000049 186
0.000049 279
0.000029 372
0.000086 372
0.000065 270
0.000024 460
0.000024 98
0.150120 474
0.000053 279
0.000114 1291
0.000049 184
0.000020 190
0.150651 381
0.000150 651
0.000118 744
0.000128 642
0.116815 381
0.000039 93
0.000130 1023
0.000052 186
0.000069 735
0.150294 1032
0.000021 279
0.000053 549
0.000071 460
0.000164 98
0.105136 193
0.000036 2
0.000128 1209
0.000094 1014
0.150218 1032
0.000019 279
0.000101 733
0.000017 184
0.000075 190
0.151013 660
0.000117 558
0.000146 642
0.000117 558
0.151305 660
0.000639 1023
0.000393 735
0.150086 1311
0.000174 279
0.000135 638
0.000037 190
0.149496 474
0.000127 372
0.000176 93
0.000048 279
0.000077 186
0.000151 279
0.000232 453
0.037068 282
0.112679 110
0.000100 736
0.000037 465
0.000025 279
0.000025 362
0.000055 466
0.150505 846
0.000077 186
0.000068 744
0.000243 642
0.150125 1952
0.000083 270
0.000014 6
0.000118 190
0.150863 381
0.000343 1479
0.000120 460
0.000100 98
0.149802 288
0.000039 93
0.000013 186
0.000038 186
0.000013 186
0.000137 837
0.000147 82
0.000023 2
0.000094 86
0.000040 6
0.000258 466
0.150503 567
0.000139 372
0.000141 465
0.000039 93
0.000021 186
0.000086 361
0.000106 374
0.150212 381
0.000039 372
0.000032 186
0.000014 180
0.000023 6
0.000338 1103
0.000233 190
0.150095 846
0.000189 744
0.000083 362
0.000024 92
0.000051 92
0.000422 282
0.150066 288
0.000086 186
0.000074 186
0.000394 651
0.000032 186
0.000327 921
0.149478 567
0.000287 1753
0.000113 98
0.150363 1125
0.000077 372
0.000217 279
0.000249 176
0.000259 92
0.000194 374
0.149463 195
0.000046 93
0.000040 279
0.000020 372
0.000013 186
0.000016 186
0.000012 93
0.000011 186
0.000078 546
0.000102 282
0.150474 660
0.000126 831
0.000026 99
0.000027 186
0.000130 452
0.000058 190
0.150243 288
0.000139 837
0.000074 186
0.000025 279
0.000035 186
0.000052 176
0.000030 276
0.000019 184
0.000007 6
0.150136 939
0.000040 279
0.000032 372
0.000100 270
0.000102 558
0.150812 195
0.000173 930
0.000086 273
0.000097 6
0.000022 93
0.000415 921
0.143039 660
0.000019 186
0.000007 186
0.000011 93
0.000092 1195
0.000092 98
0.105663 567
0.000098 558
0.000052 279
0.000128 640
0.000016 276
0.000056 98
0.150473 660
0.000017 372
0.000035 558
0.000072 828
0.139374 474
0.000124 372
0.000033 186
0.000008 93
0.000021 186
0.000058 372
0.000033 93
0.000060 360
0.000109 184
0.000131 98
0.149931 288
0.000073 93
0.000032 279
0.000056 837
0.000036 547
0.000100 374
0.149996 474
0.000039 837
0.000022 279
0.000014 186
0.000014 176
0.000089 466
0.100543 567
0.000043 93
0.000027 372
0.000060 651
0.000252 177
0.000226 92
0.000284 276
0.000174 190
0.149132 195
0.000020 186
0.000010 93
0.000132 1662
0.000186 282
0.150131 381
0.000051 93
0.000031 372
0.000014 186
0.000010 186
0.000010 93
0.000010 93
0.000016 93
0.000014 279
0.000011 84
0.000006 92
0.000017 184
0.000017 92
0.000013 190
0.150184 474
0.000074 465
0.000026 279
0.000009 186
0.000139 1014
0.150268 195
0.000101 744
0.000024 372
0.000092 1095
0.000098 12
0.150113 474
0.000041 93
0.000155 1116
0.000031 453
0.000069 282
0.150105 193
0.000017 560
0.000007 93
0.000023 186
0.000013 279
0.000127 93
0.000083 456
0.000060 558
0.150179 195
0.000018 558
0.000124 186
0.000052 186
0.000028 372
0.000013 186
0.000027 177
0.000013 368
0.000114 190
0.149951 288
0.000042 186
0.000094 744
0.000078 465
0.000014 177
0.000027 276
0.000011 184
0.000132 98
0.111980 195
0.000039 93
0.000011 93
0.000109 837
0.000117 1200
0.150308 195
0.000057 837
0.000089 651
0.000046 453
0.000129 282
0.115345 1125
0.000017 279
0.000023 186
0.000091 638
0.000007 190
0.150672 1032
0.000042 558
0.000093 828
0.150226 288
0.000020 93
0.000024 279
0.000013 93
0.000015 186
0.000174 465
0.000009 186
0.000007 93
0.000016 93
0.000014 84
0.000181 558
0.149917 474
0.000087 186
0.000090 1384
0.000046 374
0.150231 1032
0.000111 279
0.000145 825
0.000016 92
0.000060 190
0.150622 1218
0.000277 273
0.000287 829
0.000301 98
0.149617 567
0.000080 930
0.000020 93
0.000042 454
0.000105 374
0.150249 288
0.000032 372
0.000010 93
0.000010 93
0.000189 1198
0.000124 184
0.000167 190
0.149835 753
0.000026 186
0.000099 837
0.000130 636
0.000126 6
0.150246 567
0.000106 93
0.000013 186
0.000040 186
0.000025 93
0.000018 186
0.000105 733
0.000027 374
0.151082 846
0.000081 93
0.000161 186
0.000179 558
0.000173 637
0.000247 98
0.148861 288
0.000191 651
0.000015 186
0.000136 279
0.000155 1014
0.149838 474
0.000145 275
0.000151 562
0.000066 465
0.000147 642
0.150449 474
0.000016 186
0.000006 186
0.000010 93
0.000007 93
0.000104 828
0.000012 184
0.000006 184
0.000010 92
0.000016 98
0.150117 195
0.000223 186
0.000021 744
0.000075 93
0.000088 279
0.000111 455
0.000088 460
0.000013 6
0.149863 195
0.000099 744
0.000128 558
0.000016 93
0.000020 93
0.000028 361
0.000140 276
0.000160 98
0.149953 660
0.000167 1384
0.000017 184
0.000129 190
0.150240 195
0.000019 93
0.000008 93
0.000051 465
0.000115 837
0.000236 735
0.149918 195
0.000083 186
0.000099 558
0.000012 93
0.000114 744
0.000189 642
0.149998 288
0.000105 372
0.000152 651
0.000095 549
0.000120 558
0.149644 381
0.000101 744
0.000169 1293
0.149964 474
0.000246 1944
0.150554 110
0.000146 1573
0.000074 177
0.000069 460
0.000042 98
0.150152 288
0.000193 1302
0.000084 270
0.000013 92
0.000118 460
0.000205 6
0.149805 567
0.000259 1209
0.000126 544
0.000030 98
0.150367 474
0.000117 744
0.000186 1200
0.150027 195
0.000084 279
0.000107 186
0.000089 465
0.000011 93
0.000089 180
0.000012 6
0.000044 182
0.000103 4
0.000010 93
0.000049 545
0.000075 190
0.149417 195
0.000043 465
0.000013 186
0.000179 744
0.000062 546
0.000138 282
0.150277 110
0.000138 550
0.000010 93
0.000084 837
0.000033 89
0.000033 181
0.000079 460
0.000071 98
0.150030 567
0.000197 1851
0.150333 195
0.000118 372
0.000024 558
0.000015 186
0.000027 279
0.000029 270
0.000009 92
0.000148 368
0.000062 92
0.000014 6
0.149974 567
0.000053 744
0.000006 186
0.000033 363
0.000008 92
0.000005 184
0.000148 282
0.150491 110
0.000137 1015
0.000033 558
0.000082 735
0.150679 288
0.000135 930
0.000080 93
0.000054 825
0.000007 92
0.000020 190
0.150242 195
0.000145 1209
0.000070 544
0.000040 4
0.000052 368
0.000207 98
0.150127 567
0.000057 93
0.000174 1384
0.000029 368
0.000039 6
0.150250 474
0.000286 1944
0.103379 474
0.000199 186
0.000570 558
0.000661 1200
0.149099 288
0.000040 93
0.000365 744
0.000701 1293
0.151581 2418
0.148687 939
0.000056 186
0.000095 651
0.000147 642
0.150115 753
0.000297 1665
0.150904 474
0.000378 1209
0.000568 729
0.000134 6
0.115928 195
0.000548 837
0.000332 1008
0.000033 280
0.000226 98
0.149077 288
0.000036 93
0.000099 186
0.000023 279
0.000017 279
0.000096 465
0.000186 828
0.150394 110
0.000195 1748
0.000044 186
0.000207 374
0.123763 193
0.000080 1025
0.000056 734
0.000046 466
0.150915 567
0.000047 93
0.000008 93
0.000040 279
0.000027 465
0.000101 639
0.000042 276
0.000006 6
0.138890 474
0.000083 93
0.000121 930
0.000142 921
0.129733 381
0.000181 1203
0.000010 6
0.000046 186
0.000050 544
0.000075 98
0.149467 474
0.000178 1944
0.150380 381
0.000019 93
0.000008 93
0.000156 1477
0.000076 276
0.000133 98
0.150630 381
0.000100 93
0.000184 744
0.000118 279
0.000313 921
0.150131 288
0.000305 651
0.000259 558
0.000255 921
0.149035 567
0.000154 1661
0.000264 190
0.150195 288
0.000026 93
0.000008 186
0.000030 93
0.000055 93
0.000026 372
0.000024 93
0.000161 1010
0.000103 190
0.117328 195
0.000018 279
0.000100 651
0.000151 827
0.000157 466
0.150023 288
0.000060 186
0.000191 1023
0.000181 921
0.149877 381
0.000066 651
0.000132 920
0.000041 368
0.000009 98
0.150598 288
0.000021 93
0.000102 372
0.000122 651
0.000032 186
0.000128 828
0.149907 381
0.000020 186
0.000081 186
0.000056 744
0.000175 823
0.000107 98
0.150159 660
0.000209 837
0.000104 915
0.000109 6
0.150128 288
0.000021 186
0.000009 93
0.000038 372
0.000205 279
0.000113 279
0.000151 921
0.150075 288
0.000058 372
0.000032 186
0.000130 93
0.000200 1099
0.000013 6
0.000013 184
0.000048 92
0.000106 98
0.150886 381
0.000410 837
0.000042 93
0.000720 641
0.000411 466
0.103025 567
0.000119 186
0.000056 651
0.000330 1014
0.149782 567
0.000181 465
0.000056 93
0.000121 1011
0.000073 282
0.150380 288
0.000127 1116
0.000083 93
0.000159 921
0.150346 2418
0.150375 110
0.000334 2308
0.150403 474
0.000056 744
0.000009 93
0.000019 279
0.000012 186
0.000048 544
0.000042 98
0.120981 110
0.000167 637
0.000304 6
0.000244 1665
0.150074 381
0.000054 186
0.000225 1851
0.149998 110
0.000067 550
0.000030 930
0.000084 93
0.000034 735
0.150758 288
0.000128 465
0.000048 744
0.000062 93
0.000089 828
0.142336 660
0.000159 1758
0.139347 939
0.000019 186
0.000167 1293
0.150797 375
0.000029 6
0.000017 279
0.000034 279
0.000159 558
0.000072 547
0.000127 374
0.133558 193
0.000054 2
0.000066 651
0.000121 1474
0.000101 98
0.150181 381
0.000016 279
0.000358 552
0.000130 6
0.000164 186
0.000087 1014
0.150148 195
0.000136 93
0.000021 93
0.000165 372
0.000204 1475
0.000168 190
0.112691 110
0.000124 1015
0.000078 1103
0.000101 190
0.133938 195
0.000016 186
0.000086 744
0.000015 558
0.000007 177
0.000031 276
0.000068 282
0.120503 1125
0.000080 279
0.000033 456
0.000161 558
0.150516 195
0.000182 930
0.000017 87
0.000164 378
0.000183 828
0.109267 1311
0.000057 279
0.000012 186
0.000006 176
0.000092 466
0.103372 1125
0.000109 93
0.000056 642
0.000037 552
0.000008 6
0.150337 110
0.000129 1201
0.000093 733
0.000035 368
0.000055 6
0.127390 2412
0.000303 6
0.150687 2418
0.105579 195
0.000016 279
0.000058 279
0.000062 279
0.000009 186
0.000048 186
0.000019 93
0.000018 93
0.000008 186
0.000070 360
0.000151 282
0.103428 660
0.000044 93
0.000071 837
0.000018 186
0.000012 176
0.000010 184
0.000012 184
0.000039 98
0.134113 381
0.000063 558
0.000032 558
0.000017 186
0.000011 93
0.000088 176
0.000019 276
0.000012 184
0.000010 6
0.150821 195
0.000161 1116
0.000018 186
0.000040 279
0.000153 642
0.150106 660
0.000165 1476
0.000194 282
0.150325 195
0.000136 744
0.000020 558
0.000047 455
0.000076 466
0.105548 939
0.000198 1479
0.116714 288
0.000095 837
0.000063 186
0.000099 549
0.000145 558
0.150780 567
0.000047 186
0.000033 279
0.000016 186
0.000121 372
0.000024 270
0.000030 558
0.105869 381
0.000215 1017
0.000166 378
0.000178 642
0.100059 567
0.000018 186
0.000023 465
0.000025 279
0.000162 921
0.112642 2418
0.121313 110
0.000135 1480
0.000059 362
0.000036 466
0.109111 1218
0.000018 186
0.000012 93
0.000087 921
0.150057 468
0.000073 6
0.000084 1944
0.150835 381
0.000149 2037
0.150451 567
0.000059 279
0.000107 465
0.000149 549
0.000057 276
0.000008 92
0.000075 190
0.149860 288
0.000057 837
0.000050 1195
0.000028 98
0.150852 660
0.000090 186
0.000028 186
0.000012 182
0.000012 4
0.000055 182
0.000055 97
0.000133 921
0.150000 840
0.000050 99
0.000109 1197
0.000059 276
0.000061 6
0.150144 381
0.000047 186
0.000032 372
0.000040 93
0.000067 372
0.000096 548
0.000125 466
0.149977 195
0.000022 279
0.000100 1023
0.000079 823
0.000066 92
0.000043 6
0.150626 288
0.000039 186
0.000030 279
0.000105 1107
0.000045 558
0.105073 110
0.000182 1476
0.000047 4
0.000061 270
0.000012 184
0.000048 92
0.000040 282
0.110463 288
0.000107 1302
0.000054 362
0.000010 92
0.000062 374
0.101038 375
0.000018 6
0.000046 744
0.000129 1195
0.000069 92
0.000088 6
0.103627 660
0.000107 930
0.000051 186
0.000067 452
0.000096 190
0.150345 567
0.000125 1293
0.000249 558
0.150430 2418
0.150028 377
0.000015 190
0.000171 1839
0.000092 12
0.150401 110
0.000123 643
0.000104 1665
0.124848 110
0.000191 1666
0.000123 642
0.150255 381
0.000020 186
0.000107 1023
0.000084 270
0.000077 558
0.150221 110
0.000112 2281
0.150046 458
0.000093 1209
0.000132 360
0.150103 551
0.000020 186
0.000016 186
0.000092 558
0.000016 279
0.000026 93
0.000148 174
0.150257 1295
0.000092 279
0.000064 453
0.073909 179
0.000109 1767
0.000325 285
0.042479 107
0.000269 98
0.001257 20
0.073099 100
0.000294 7
0.000190 8
9.499207 1
0.010974 28
0.041696 73
0.168687 1
0.109756 1
0.194476 1
0.095486 1
0.627000 3
0.384726 3
0.165025 3
0.166314 3
0.241694 5
0.002862 28
0.320238 73
3.015332 1
0.000587 3
0.005573 1
0.005946 39
0.109059 6
0.174609 6
0.104335 6
0.122859 6
0.266992 125
0.012657 20
0.171137 6
0.100854 6
0.558691 18
0.389977 18
0.000864 29
0.177975 167
0.000265 160
0.000398 184
0.017210 107
0.000297 118
0.055815 100
0.000361 7
0.000081 8
7.568054 106
0.778794 1
0.005324 29
0.161119 8
0.119616 6
0.119071 6
0.163936 6
0.120203 6
0.198823 6
0.551860 41
0.007458 27
0.138597 77
0.007375 83
0.138706 6
0.534558 6
0.993306 6
0.382882 6
0.029077 6
0.639889 6
0.963690 6
0.158931 6
0.440480 6
0.199332 6
0.203780 6
0.145937 6
8.615168 6
2.308792 25
0.008060 35
0.094250 6
3.723931 119
0.998498 3
0.009204 34
0.442822 6
2.272592 6
0.181842 6
0.175082 6
0.129114 6
0.223112 6
0.803154 83
0.192206 1
0.509506 1
0.864732 3
0.207402 1
0.125291 1
0.272539 17
1.067968 7
0.488452 3
0.032548 3
0.035120 3
0.033699 3
0.030917 3
0.034201 3
0.032564 3
0.028636 3
0.224876 3
0.125456 1
0.144857 1
0.446657 3
0.184308 3
0.424615 1
0.239196 1
0.150767 1
7.846793 20
0.000843 52
0.946407 16
2.119752 1
0.173111 1
0.206518 1
0.644038 1
0.238542 1
0.277640 1
0.136913 1
0.262859 1
0.407460 1
0.594819 1
0.087257 1
1.388226 16
2.815856 176
0.001904 16
3.370960 1
0.221602 1
0.501603 1
2.052865 3
0.213740 3
0.206210 3
4.298305 2
0.570380 107
0.000159 98
0.000240 20
0.039631 100
0.000180 7
0.000211 8
1.683003 18
0.000611 107
0.000147 118
0.044232 100
0.000062 7
0.000119 8
0.750291 1
0.002874 52
0.076388 8
0.196326 6
0.120382 6
0.148815 6
0.078031 6
0.238420 6
0.392753 179
0.009143 18
0.073861 6
0.541525 21
0.000124 18
0.000656 25
0.124834 72
0.012867 107
0.000261 98
0.000080 20
0.044476 100
0.000549 7
0.000174 8
2.409027 9
0.531902 1
0.004066 14
0.310970 12
0.461769 18
0.000691 28
0.110636 179
0.000075 51
0.018553 107
0.000234 118
0.046092 100
0.000723 15
1.412095 15
0.000045 3
0.000495 107
0.000138 118
0.042232 100
0.000145 7
0.000205 8
3.544478 1
0.007120 18
0.410220 8
0.159500 6
0.254357 6
0.799272 15
0.000033 3
0.000746 18
