2.529391 191
0.000265 20
0.038319 57
0.000219 7
0.000234 8
0.612797 18
0.000646 107
0.000132 104
0.022782 57
0.000126 7
0.000156 8
1.061372 63
1.327214 1
0.007520 40
0.202636 8
0.817742 132
0.205861 1
0.503031 1
0.025061 1
0.031972 1
0.034936 1
0.031809 1
0.032577 1
0.035104 1
0.030311 1
0.034432 1
0.916138 15
0.091162 16
0.391647 4
0.195920 4
0.399211 4
0.432455 3
0.181589 3
0.325318 1
0.348509 3
0.230293 3
0.171416 3
0.167889 3
0.153998 3
0.578687 1
0.244106 1
0.212574 1
0.286493 1
0.124375 1
0.212372 1
0.119994 1
0.433148 1
0.226930 1
0.227398 1
0.213859 1
0.223629 1
0.523790 1
0.545745 3
0.082492 1
0.049859 1
1.854281 15
0.000052 3
0.000678 107
0.000143 104
0.033071 57
0.000207 15
0.691942 18
0.000562 107
0.000145 104
0.021983 57
0.000179 15
13.320143 1
0.006968 29
0.120061 8
0.193695 6
0.122897 6
0.175885 6
0.071089 6
0.150870 6
0.274981 41
0.006053 30
0.130190 95
0.005879 96
0.127547 6
1.005483 6
0.470984 6
0.234462 6
0.943403 6
0.605348 25
0.180832 1
0.552685 3
0.166137 3
0.002826 91
0.637948 6
0.166848 6
0.147578 6
0.094597 6
0.277619 6
1.387644 6
0.185713 6
0.322043 6
0.194377 6
0.135604 6
0.247603 6
0.938828 289
15.108383 18
0.000742 90
0.135541 73
9.989422 291
0.000367 72
1.980544 49
0.000040 4
0.001097 46
0.089766 53
0.001486 23
0.000082 81
0.000116 42
1.362602 56
0.702357 23
0.000056 33
0.178674 56
0.001141 48
0.000070 4
0.000182 93
0.099642 23
0.000421 33
0.123731 8
0.000032 48
0.112559 9
0.000030 47
0.044801 56
0.562111 23
0.000017 29
0.000086 4
0.134250 9
0.000140 47
0.091687 56
0.050119 23
0.000060 33
0.251369 56
0.101805 56
0.150205 56
0.974502 23
0.000506 33
0.034365 56
0.319482 56
0.179286 56
0.171309 56
0.120867 52
0.000050 4
0.381291 56
0.702979 56
0.099991 56
0.109395 56
0.014776 23
0.000218 33
0.210712 56
0.168073 56
0.167379 56
0.070614 56
0.046340 56
0.404745 56
0.157638 112
0.101785 56
0.100328 56
0.175584 56
0.198441 23
0.000015 33
0.225615 56
1.471419 112
0.231022 23
0.000103 33
0.164420 56
0.283587 56
0.251537 56
0.149851 56
0.121142 23
0.000095 33
0.141011 56
0.199256 23
0.000087 33
0.030316 23
0.000064 33
0.128248 56
0.487015 56
0.333960 56
0.003308 47
0.000238 23
0.000016 23
0.135806 23
0.000058 29
0.000116 4
0.631642 56
2.051948 56
0.359439 56
0.426969 23
0.000051 33
0.601877 56
0.621003 56
0.372274 56
0.324354 23
0.000214 33
0.544455 56
0.464254 56
0.899637 23
0.000423 33
0.414430 52
0.000147 4
0.142575 52
0.000090 4
0.615367 23
0.000154 33
0.149301 23
0.000021 33
0.282587 56
0.315655 56
0.488510 23
0.000094 33
0.175786 56
0.267947 8
0.000140 48
0.249757 56
0.240376 8
0.000100 48
0.215172 56
0.217790 23
0.000108 33
0.211300 56
0.213275 52
0.000052 4
0.362360 23
0.000126 33
0.503152 56
1.187981 56
0.139824 23
0.000120 33
0.444142 56
0.198483 23
0.000115 33
0.692916 52
0.000150 4
0.649888 56
0.589219 52
0.000054 4
0.329833 23
0.000133 33
0.293103 56
0.341513 56
0.620697 56
0.519492 56
0.173041 23
0.000047 33
0.617781 56
0.288386 56
0.379976 56
0.883103 56
1.353342 56
0.537496 23
0.000119 33
0.767772 8
0.000039 15
0.000278 33
0.373305 56
0.112814 56
0.727036 56
0.179926 56
0.304370 8
0.000017 48
0.220994 56
0.380987 56
0.205277 56
0.258033 23
0.000198 33
0.271182 56
0.829125 52
0.000033 4
0.149353 56
0.459039 56
0.361202 56
0.210541 56
0.217103 56
0.210932 52
0.000050 4
0.212458 56
0.326682 56
0.109728 9
0.000109 47
0.214382 23
0.000082 33
0.217272 52
0.000050 4
0.284668 56
0.454912 23
0.000056 33
1.605792 56
0.020961 93
0.105332 51
0.000079 4
0.104814 23
0.000105 32
0.101511 55
0.112828 55
0.116645 55
0.103256 23
0.000084 32
0.100414 9
0.000116 46
0.105476 55
0.149484 55
0.141324 23
0.000070 32
0.102090 55
0.071255 55
0.190903 8
0.000044 15
0.000062 19
0.009164 23
0.000124 29
0.000537 52
0.127922 42
0.008874 23
0.000073 29
0.000406 52
0.085977 42
0.009248 55
0.102362 55
0.048627 23
0.000075 32
0.034153 38
0.000148 4
0.011050 51
0.002236 51
0.085008 4
0.000136 38
0.019215 81
0.008854 77
4.193207 66
0.846871 107
0.000209 84
0.000104 20
0.022835 57
0.000174 15
1.459437 18
0.000584 107
0.000146 104
0.021881 57
0.000156 15
0.727434 1
0.005836 106
0.126758 8
0.203363 6
0.034664 6
0.216342 6
0.054460 6
0.156020 6
0.190582 25
0.004469 18
0.085276 6
0.511733 21
0.000154 7
0.000130 13
0.000671 25
0.107115 240
0.000020 22
0.014249 107
0.000221 84
0.000124 20
0.023293 57
0.000256 15
1.845797 18
0.000516 107
0.000140 104
0.020707 57
0.000182 15
1.182598 1
0.006652 24
0.081222 8
0.129059 6
0.099144 6
0.123180 6
0.087822 6
0.121430 6
1.583418 13
0.004836 40
0.495116 6
0.138296 6
0.152859 6
1.089170 132
0.521112 15
0.000045 3
0.000676 49
0.257049 68
0.803244 70
0.725706 1
0.103270 1
0.179631 2
0.002059 34
0.000462 68
0.426869 70
1.356532 1
0.176700 1
0.105908 1
0.311319 1
0.639695 3
1.466381 1
0.104569 1
0.481525 1
0.130390 1
0.568122 1
6.829397 1
0.122620 1
1.848387 1
0.119000 1
0.291452 7
2.194997 2
0.001385 420
2.002966 31
2.001385 31
2.000419 31
2.001029 31
1.998778 117
2.002361 31
1.999242 31
2.003630 31
1.999010 31
1.999739 117
2.000524 31
2.000523 31
2.001569 31
1.999677 31
2.000079 117
2.001198 31
2.000745 31
2.002854 31
2.000725 31
2.000947 117
2.001319 31
1.968704 2
0.000076 2
0.000443 68
1.708602 1
0.205068 1
0.120939 1
0.267367 1
1.004737 8
0.034302 211
0.024148 57
0.000174 15
1.987741 63
1.628732 1
0.007074 49
0.704776 199
0.669527 5
0.007342 49
0.320402 8
0.132217 6
0.359237 6
0.764426 6
0.152445 6
0.175579 6
0.230944 161
0.006965 12
0.098647 6
0.453783 18
0.000710 25
0.111961 198
0.000020 84
0.014633 107
0.000265 104
0.025461 57
0.000185 7
0.000166 8
2.232967 18
0.000530 107
0.000137 104
0.022240 57
0.000234 7
0.000052 8
1.074891 1
0.002582 24
0.076493 8
0.292717 6
0.477544 6
0.124798 6
0.181958 6
0.225045 6
0.162333 13
0.008376 26
1.022406 66
0.844711 18
0.000683 35
0.506278 9
0.016272 107
0.000169 84
0.000045 20
0.029268 57
0.000165 15
2.617566 19
0.184267 22
0.472828 15
0.000039 3
0.001070 25
0.142109 42
0.000069 30
0.018121 107
0.000369 84
0.000121 20
0.033631 57
0.000794 15
0.449251 18
0.000528 107
0.000159 104
0.022875 57
0.000205 15
0.406184 9
0.198015 14
0.389559 22
0.734871 1
0.008632 14
0.577083 12
0.317404 18
0.000673 28
0.113373 72
0.011847 107
0.000363 104
0.022308 57
0.000301 7
0.000167 8
0.575094 18
0.000530 107
0.000117 104
0.026292 57
0.000142 7
0.000149 8
0.794053 63
5.102474 1
0.003598 14
0.116447 8
1.857776 5
0.007771 14
0.187697 10
1.975344 1
0.002267 30
0.259049 8
0.178782 77
0.003805 12
0.254519 6
3.329939 18
0.000613 18
