2.327105 107
0.000190 118
0.039632 100
0.000207 7
0.000175 8
0.622815 7
0.000110 11
0.000678 107
0.000159 98
0.000067 20
0.036849 100
0.000262 7
0.000045 8
1.054294 1
0.007667 56
0.184184 8
0.770861 233
0.009032 43
0.795913 168
0.249236 1
0.426035 5
0.181067 3
0.175219 6
0.420258 1
0.246094 1
0.903382 15
0.111860 23
0.469650 4
0.173380 4
0.422637 4
0.676629 4
0.504465 3
0.500715 3
0.032665 3
0.034881 3
0.031100 3
0.034144 3
0.037553 1
0.026532 3
0.030869 3
0.031524 1
0.032840 3
0.035263 3
0.263231 3
0.181532 3
0.144685 3
6.710264 25
0.002671 3
0.001430 1
0.001415 1
0.001576 1
0.001487 2
0.001892 1
0.001033 1
0.000998 1
0.001258 1
0.000800 1
0.000814 2
0.001243 1
0.002238 1
0.000627 46
0.980698 101
0.000590 15
0.000013 3
0.000575 107
0.000142 118
0.036384 100
0.000214 15
0.663667 15
0.000027 3
0.000475 107
0.000145 118
0.040669 100
0.000165 15
3.343683 1
0.009267 33
0.078464 8
0.484281 6
0.111014 6
0.186234 6
0.135174 6
0.123069 6
0.459528 64
0.004281 43
0.114072 173
0.253666 1
0.469212 3
0.148885 3
0.003077 43
0.489435 175
0.006155 25
0.364873 6
0.079838 58
0.006307 95
0.172842 6
0.523812 6
0.628997 6
0.291903 25
0.006294 88
0.070897 6
0.253850 6
7.430753 25
0.244428 1
0.296409 1
0.267015 1
0.088342 1
0.260798 1
0.137476 1
0.397905 1
7.786551 4
0.875415 13
0.161246 13
0.383270 13
0.115998 13
0.117517 13
0.170305 13
0.097525 13
0.574847 4
1.565659 1
0.229961 3
0.766695 1
0.682945 1
0.624947 1
0.409656 1
0.390301 1
1.268409 42
0.001419 3
0.001742 1
0.004585 1
0.002370 1
0.001249 1
0.001086 1
0.001485 1
0.001830 1
0.001406 1
0.001273 1
0.001398 1
0.001065 1
0.001131 1
0.000856 1
0.000809 1
0.001068 1
0.000968 1
0.000930 1
0.001058 1
0.001139 1
0.000595 1
0.000507 1
0.000443 1
0.000480 1
0.000472 1
0.000476 1
0.001263 1
0.000372 86
3.852417 171
0.000500 18
0.000714 77
0.127874 68
5.181647 51
0.005804 11
0.000168 83
0.000176 25
0.000135 22
0.000636 47
0.000442 119
2.008980 23
0.000083 33
0.138439 56
0.110789 23
0.000201 33
0.046872 56
0.096170 55
0.041250 23
0.000050 33
0.010304 52
0.000047 4
0.118778 9
0.000078 47
0.005143 9
0.000114 47
0.113709 52
0.000053 4
0.011016 23
0.000151 33
0.123558 56
0.039927 23
0.000046 33
0.116072 56
0.033082 55
0.077287 56
0.036409 23
0.000153 33
0.118248 56
0.146070 52
0.000053 4
0.039732 23
0.000023 33
0.042801 51
0.000029 4
0.036799 23
0.000164 33
0.134823 52
0.000018 4
0.032534 56
0.088820 23
0.000051 33
0.318813 56
0.192711 56
0.024780 55
0.006999 56
0.095522 56
0.035753 52
0.000031 4
0.074918 56
0.126286 56
0.116062 56
0.007714 55
0.003528 23
0.000017 33
0.130359 56
0.003197 56
0.116405 23
0.000050 33
0.010985 56
0.094706 56
0.011132 23
0.000203 32
0.021826 23
0.000049 33
0.110568 23
0.000035 33
0.008912 56
0.104540 52
0.000019 4
0.009785 56
0.130814 23
0.000030 33
0.019663 56
0.058912 55
0.041711 52
0.000054 4
0.001643 56
0.144379 56
0.002351 56
0.110218 23
0.000105 33
0.008447 23
0.000154 33
0.089131 47
0.000341 46
0.010463 56
0.070800 55
0.068427 56
0.129096 56
0.516679 51
0.000020 4
0.014674 56
0.141464 56
0.060379 23
0.000124 32
0.168531 23
0.000064 33
0.090644 93
0.000672 55
0.080427 55
0.022678 23
0.000051 32
0.077954 55
0.096929 38
0.000050 4
0.262831 9
0.000080 46
0.120239 23
0.000156 32
0.371259 51
0.000056 4
0.290341 55
0.167564 55
0.047295 49
0.000175 97
0.220090 55
0.059986 56
0.004216 8
0.000057 15
0.000059 80
0.000134 46
0.201611 23
0.000157 32
0.299562 55
0.228325 55
0.224597 55
0.292952 55
0.112819 51
0.000062 4
0.189066 55
0.182755 55
0.218748 55
0.120866 55
0.166518 55
0.169831 55
0.162497 23
0.000027 28
0.000042 4
0.166883 51
0.000184 4
0.164703 55
0.166053 55
0.167896 23
0.000386 32
0.163712 8
0.000051 15
0.000103 32
0.168541 55
0.268634 55
0.230012 55
0.167095 51
0.000150 4
0.281951 9
0.000020 14
0.000020 32
0.158289 55
0.587884 55
0.173903 55
0.170371 55
0.164882 55
0.164845 8
0.000106 15
0.000111 32
0.167152 55
0.375569 55
0.122235 55
0.167036 23
0.000057 32
0.326795 55
0.173436 55
0.164380 51
0.000023 4
0.431712 23
0.000062 32
0.205289 55
0.267830 55
0.228933 4
0.000061 4
0.000123 47
0.166368 55
0.372269 55
0.272661 23
0.000145 32
0.418947 55
0.168927 55
0.392786 55
0.128510 55
0.163936 51
0.000045 4
0.461367 55
0.171703 55
0.166406 55
0.321972 55
0.286723 55
0.166336 51
0.000027 4
0.168913 55
0.166800 55
0.168205 51
0.000057 4
0.166884 55
0.191110 55
0.581508 55
0.189102 55
0.427924 55
0.187477 55
0.420107 55
0.014129 43
0.000025 4
0.000131 46
0.003550 54
0.105249 54
0.101532 23
0.000053 31
0.100022 23
0.000018 31
0.102234 23
0.000049 31
0.109153 54
0.122036 54
0.125308 50
0.000020 4
0.105337 50
0.000062 4
0.137606 54
0.153226 54
0.164805 54
0.108706 23
0.000013 31
0.114584 9
0.000195 45
0.018886 23
0.000143 31
1.147283 42
0.057032 55
0.102605 23
0.000019 32
0.018069 23
0.000056 32
0.169352 42
0.058821 8
0.000044 44
0.000473 52
0.190891 38
0.000052 4
0.053303 55
0.000424 55
0.205995 42
0.132343 81
0.050305 72
23.221597 4
0.000890 4
0.002979 22
0.000899 5
5.727845 1
0.102284 1
0.315051 1
0.744928 1
0.165716 1
0.119060 1
1.389499 3
0.003690 82
0.000845 2
0.377922 107
0.000176 118
0.035982 100
0.000128 7
0.000132 8
8.250252 1
0.006334 18
0.289795 8
0.105875 6
1.081362 6
0.667344 18
0.000634 18
