2.586932 107
0.000130 104
0.027635 57
0.000160 15
0.958044 18
0.000684 107
0.000151 104
0.021099 57
0.000127 15
1.497939 1
0.009636 47
0.127877 8
0.820001 174
0.224092 1
0.508828 1
0.029435 1
0.035032 1
0.035081 1
0.026944 1
0.030394 1
0.032736 1
0.033531 1
0.032591 1
0.032410 1
0.037724 1
0.029403 1
0.032191 1
0.036605 1
0.026924 1
0.032972 1
0.032915 1
0.361005 4
0.758992 15
0.086382 23
0.450786 4
0.247704 4
0.174428 4
0.237685 4
0.585682 3
0.494682 3
0.032325 3
0.035342 3
0.026191 3
0.034272 3
0.032302 3
0.032198 1
0.035688 3
0.030096 3
0.036460 3
0.032669 3
0.030854 3
0.303721 3
0.136045 3
0.411349 1
0.294375 1
0.091361 1
0.135222 1
0.129962 1
0.223359 1
0.450547 1
0.235376 1
1.429501 18
0.000617 107
0.000043 104
0.023002 57
0.000166 15
0.588706 18
0.000490 107
0.000169 104
0.025907 57
0.000151 15
11.018666 1
0.003901 28
0.052085 8
0.620732 6
0.125941 6
0.170592 6
0.135673 6
0.286141 6
0.892727 30
0.390503 15
0.000025 3
0.001041 28
0.112135 105
0.000044 22
0.000011 10
0.000272 27
0.000189 323
0.014300 107
0.000109 84
0.000135 20
0.025280 57
0.000201 7
0.000144 8
4.955103 18
0.000573 107
0.000133 104
0.023850 57
0.000429 7
0.000135 8
0.773477 1
0.008284 28
0.752213 8
0.132994 6
0.158391 6
0.164317 6
0.129123 6
0.354109 6
0.182116 34
0.002543 44
1.577398 6
0.119127 6
0.124693 6
0.328085 6
4.783640 172
0.000638 3
0.000727 1
0.000616 1
0.000608 1
0.000603 1
0.000604 1
0.000600 1
0.000604 1
0.000600 1
0.001185 1
0.002507 1
0.000363 38
0.843877 117
0.000475 155
0.000118 18
0.000638 40
0.605016 14
0.016908 107
0.000275 104
0.024344 57
0.000208 7
0.000311 8
0.765635 24
0.537522 27
0.662896 18
0.000692 28
0.112994 32
0.000027 8
0.000104 55
0.000098 160
0.000076 10
0.000076 222
0.018666 107
0.000250 84
0.000043 20
0.025414 57
0.000216 7
0.000018 8
1.739182 1
0.007818 28
0.086598 8
0.171738 6
0.066073 6
0.281260 6
0.174055 6
0.350889 6
0.420664 34
0.005327 26
0.109179 71
0.003594 55
1.182812 245
0.007779 40
5.418351 170
0.000759 3
0.000728 1
0.000751 1
0.000718 1
0.000754 1
0.000720 1
0.000732 1
0.000942 1
0.001029 1
0.000729 1
0.002144 1
0.000519 44
0.672488 117
0.005222 155
3.776885 32
0.001125 3
0.001245 1
0.000884 1
0.000959 1
0.000900 1
0.000873 1
0.000870 1
0.000865 1
0.000861 1
0.003331 1
0.004304 1
0.000671 49
4.600549 77
0.002782 1
0.784540 45
0.000730 3
0.000691 1
0.000686 1
0.000680 1
0.000674 1
0.000789 1
0.001245 1
0.000801 1
0.000682 1
0.000720 1
0.002089 1
0.000570 62
2.054812 77
0.000626 18
0.000728 64
0.206458 14
0.003560 14
0.011653 14
0.026373 107
0.000207 84
0.000244 20
0.032498 57
0.000211 7
0.000182 8
0.834521 48
0.350394 51
0.818598 18
0.000670 28
0.102866 72
0.017234 107
0.000190 84
0.000273 20
0.023330 57
0.000136 15
2.281805 18
0.000532 107
0.000144 104
0.021658 57
0.000204 15
2.460750 1
0.004574 28
0.050382 8
0.240382 6
0.103261 6
0.250516 6
0.167499 6
0.225686 6
0.197507 34
0.006751 20
0.196339 6
0.162900 6
0.540490 18
0.393744 18
0.000737 29
0.100344 59
0.000017 26
0.000007 26
0.000093 75
0.016257 107
0.000207 84
0.000237 20
0.028438 57
0.000218 7
0.000176 8
1.631247 1
0.003392 29
0.077048 8
0.122838 6
0.084040 6
0.148111 6
0.098261 6
0.124678 6
0.438570 41
0.007807 55
0.106609 6
0.108497 239
0.003710 54
0.630133 6
4.513698 249
0.001019 3
0.001029 1
0.001141 1
0.001000 1
0.000946 1
0.000957 1
0.000939 1
0.002193 1
0.001683 1
0.001350 1
0.003218 1
0.000407 41
0.406149 130
0.004400 233
2.670347 33
0.002227 3
0.001938 1
0.001866 1
0.001719 1
0.002020 1
0.004812 1
0.000868 1
0.001245 1
0.001465 1
0.000900 1
0.002902 1
0.000659 50
4.594377 77
0.000519 18
0.000717 52
0.142836 289
0.222318 277
0.000733 410
0.013348 107
0.000334 104
0.030384 57
0.000182 15
2.129743 1
0.005761 52
0.091120 8
0.163863 6
0.150513 6
0.196287 6
0.207536 6
0.816737 187
0.007770 46
0.490371 193
0.010057 47
0.016281 199
0.004661 48
0.028657 205
0.004482 49
0.032150 213
0.004167 52
0.021038 217
0.486226 18
0.000602 107
0.000107 104
0.023251 57
0.000182 15
0.609268 1
0.002703 52
0.147275 8
0.116974 6
0.158983 6
0.140648 6
0.103309 6
0.206598 6
0.169853 179
0.007411 20
0.200385 6
0.130363 6
0.530167 18
0.398405 18
0.000814 29
0.110330 50
0.015039 107
0.000103 84
0.000291 20
0.027968 57
0.000260 7
0.000168 8
3.913002 1
0.003140 30
0.201310 8
0.428032 77
0.007170 12
0.140636 6
2.313995 18
0.000646 18
