2.765908 107
0.000101 119
0.044635 101
0.000173 15
0.595444 18
0.000736 107
0.000143 119
0.064838 101
0.000256 15
0.535910 1
0.009332 96
0.646685 8
6.922337 22
0.001511 3
0.001697 1
0.001623 1
0.001429 1
0.001431 1
0.001428 1
0.001509 1
0.001741 2
0.001408 1
0.001500 1
0.001654 1
0.001873 1
0.001670 2
0.001738 1
0.001629 1
0.001503 1
0.002323 1
0.001004 2
0.000968 1
0.000929 1
0.003914 1
0.000406 133
0.978103 248
0.000415 19
0.000120 7
0.000168 13
0.000422 107
0.000129 99
0.000072 20
0.042981 101
0.000434 7
0.000069 8
0.328606 18
0.000540 107
0.000112 119
0.041579 101
0.000209 15
0.605301 1
0.007417 43
0.568612 8
11.107739 159
0.001366 3
0.001295 1
0.001345 1
0.001251 2
0.001127 1
0.001085 2
0.005028 1
0.000845 1
0.000822 2
0.000685 1
0.001350 1
0.000746 2
0.000721 1
0.000839 1
0.000874 1
0.000718 2
0.000662 1
0.000575 1
0.000542 1
0.000664 1
0.001052 1
0.000702 1
0.000566 1
0.000732 2
0.000531 1
0.000954 1
0.001067 1
0.000573 2
0.000613 1
0.000548 2
0.000546 1
0.000582 1
0.000855 2
0.000569 1
0.000586 1
0.000524 1
0.000630 1
0.000586 1
0.000738 1
0.000441 1
0.000588 1
0.001265 1
0.004311 12
0.000431 1
0.000708 2
0.001650 1
0.001244 1
0.002347 337
0.973278 433
0.000441 155
0.000134 7
0.000115 11
0.000505 107
0.000127 119
0.045748 101
0.000249 7
0.000177 8
0.980812 15
0.000033 3
0.000498 107
0.000146 119
0.041491 101
0.000166 15
0.938343 1
0.007834 37
0.061075 8
0.187610 6
0.087531 6
0.181052 6
0.085054 6
0.287222 6
0.198281 89
0.012078 20
0.147313 6
0.144201 6
0.490855 6
0.142234 6
0.280135 6
0.272500 18
0.000680 29
0.102872 164
0.000059 38
0.000301 381
0.000014 76
0.000282 8
0.021336 107
0.000141 99
0.000013 20
0.040509 101
0.000218 15
6.470651 11
0.001215 107
0.000539 119
0.098796 101
0.000151 7
0.000152 8
8.314950 1
0.008462 29
0.149274 8
0.200457 6
0.160854 6
0.156273 6
0.134778 6
0.223657 6
0.788857 41
0.007457 28
0.156244 6
0.198673 6
0.581819 6
18.216425 64
0.007760 131
0.565722 25
0.485475 1
5.327749 1
0.260635 1
1.939963 1
0.280002 1
1.170731 1
0.299475 1
0.405975 1
0.620633 1
0.258294 1
2.127625 1
22.630122 1
0.112175 1
0.714621 1
7.630067 1
0.224188 1
0.978574 1
0.238910 1
0.274696 1
1.857305 41
0.001545 3
0.001714 1
0.001385 1
0.001232 1
0.001251 1
0.001133 1
0.009638 1
0.000802 1
0.002145 1
0.000464 56
29.150886 65
0.001629 1
2.199756 15
0.000028 5
0.000737 58
1.036148 416
35.791280 84
0.392598 96
111.145762 2
0.713720 107
0.000787 99
0.000025 20
0.073193 101
0.000317 7
0.000222 8
2.084519 1
0.011221 18
0.335015 8
0.163419 6
0.234045 6
1.541251 18
0.000882 18
